<?xml version="1.0" encoding="UTF-8"?>
<robot generator="Robot 6.0.2 (Python 3.11.2 on win32)" generated="20230521 19:37:21.339" rpa="false" schemaversion="3">
<suite id="s1" name="ToDoLists" source="C:\development\robot-scripts\ToDoList\Tests\ToDoLists.robot">
<test id="s1-t1" name="Verify User has not fill item and click add button" line="36">
<kw name="Strat TestCase" library="Common" type="SETUP">
<kw name="Open Browser" library="SeleniumLibrary">
<arg>about:blank</arg>
<arg>${BROWSER}</arg>
<doc>Opens a new browser instance to the optional ``url``.</doc>
<msg timestamp="20230521 19:37:24.429" level="INFO">Opening browser 'chrome' to base url 'about:blank'.</msg>
<status status="PASS" starttime="20230521 19:37:24.429" endtime="20230521 19:37:33.536"/>
</kw>
<kw name="Go To" library="SeleniumLibrary">
<arg>${URL}</arg>
<doc>Navigates the current browser window to the provided ``url``.</doc>
<msg timestamp="20230521 19:37:33.537" level="INFO">Opening url 'https://abhigyank.github.io/To-Do-List/'</msg>
<status status="PASS" starttime="20230521 19:37:33.537" endtime="20230521 19:37:34.447"/>
</kw>
<kw name="Maximize Browser Window" library="SeleniumLibrary">
<doc>Maximizes current browser window.</doc>
<status status="PASS" starttime="20230521 19:37:34.447" endtime="20230521 19:37:34.576"/>
</kw>
<status status="PASS" starttime="20230521 19:37:24.429" endtime="20230521 19:37:34.576"/>
</kw>
<kw name="Home page should be load element" library="HomePage">
<kw name="Wait Until Page Contains" library="SeleniumLibrary">
<arg>To Do List</arg>
<doc>Waits until ``text`` appears on the current page.</doc>
<status status="PASS" starttime="20230521 19:37:34.576" endtime="20230521 19:37:34.617"/>
</kw>
<kw name="Wait Until Page Contains Element" library="SeleniumLibrary">
<arg>${ADD_ITEM_TAB}</arg>
<doc>Waits until the element ``locator`` appears on the current page.</doc>
<status status="PASS" starttime="20230521 19:37:34.617" endtime="20230521 19:37:34.624"/>
</kw>
<kw name="Wait Until Page Contains Element" library="SeleniumLibrary">
<arg>${TO_DO_TASKS_TAB}</arg>
<doc>Waits until the element ``locator`` appears on the current page.</doc>
<status status="PASS" starttime="20230521 19:37:34.624" endtime="20230521 19:37:34.641"/>
</kw>
<kw name="Wait Until Page Contains Element" library="SeleniumLibrary">
<arg>${COMPLETED_TAB}</arg>
<doc>Waits until the element ``locator`` appears on the current page.</doc>
<status status="PASS" starttime="20230521 19:37:34.641" endtime="20230521 19:37:34.661"/>
</kw>
<kw name="Wait Until Page Contains Element" library="SeleniumLibrary">
<arg>${INPUT_TEXT_FIELD}</arg>
<doc>Waits until the element ``locator`` appears on the current page.</doc>
<status status="PASS" starttime="20230521 19:37:34.661" endtime="20230521 19:37:34.674"/>
</kw>
<kw name="Wait Until Page Contains Element" library="SeleniumLibrary">
<arg>${ADD_BUTTON}</arg>
<doc>Waits until the element ``locator`` appears on the current page.</doc>
<status status="PASS" starttime="20230521 19:37:34.674" endtime="20230521 19:37:34.686"/>
</kw>
<status status="PASS" starttime="20230521 19:37:34.576" endtime="20230521 19:37:34.687"/>
</kw>
<kw name="Click add button" library="AddItems">
<kw name="Click Element" library="SeleniumLibrary">
<arg>${ADD_BUTTON}</arg>
<doc>Click the element identified by ``locator``.</doc>
<msg timestamp="20230521 19:37:34.688" level="INFO">Clicking element 'xpath: //button[@class='mdl-button mdl-js-button mdl-button--fab mdl-button--mini-fab mdl-button--colored']'.</msg>
<status status="PASS" starttime="20230521 19:37:34.688" endtime="20230521 19:37:34.742"/>
</kw>
<status status="PASS" starttime="20230521 19:37:34.687" endtime="20230521 19:37:34.742"/>
</kw>
<kw name="Click tab to do tasks" library="ToDoTasks">
<kw name="Click Element" library="SeleniumLibrary">
<arg>${TO_DO_TASKS_TAB}</arg>
<doc>Click the element identified by ``locator``.</doc>
<msg timestamp="20230521 19:37:34.742" level="INFO">Clicking element 'xpath: //a[normalize-space()='To-Do Tasks']'.</msg>
<status status="PASS" starttime="20230521 19:37:34.742" endtime="20230521 19:37:34.801"/>
</kw>
<status status="PASS" starttime="20230521 19:37:34.742" endtime="20230521 19:37:34.801"/>
</kw>
<kw name="Page Should Not Contain" library="SeleniumLibrary">
<arg>${DELETE_BUTTON_TO_DO_TASKS}</arg>
<doc>Verifies the current page does not contain ``text``.</doc>
<msg timestamp="20230521 19:37:34.832" level="INFO">Current page does not contain text 'xpath: //ul[@id='incomplete-tasks']//button[@id='1']'.</msg>
<status status="PASS" starttime="20230521 19:37:34.802" endtime="20230521 19:37:34.832"/>
</kw>
<kw name="Finish TestCase" library="Common" type="TEARDOWN">
<kw name="Close Browser" library="SeleniumLibrary">
<doc>Closes the current browser.</doc>
<status status="PASS" starttime="20230521 19:37:34.833" endtime="20230521 19:37:38.199"/>
</kw>
<status status="PASS" starttime="20230521 19:37:34.832" endtime="20230521 19:37:38.199"/>
</kw>
<status status="PASS" starttime="20230521 19:37:24.429" endtime="20230521 19:37:38.199"/>
</test>
<test id="s1-t2" name="Verify user fill spacebar and click add button" line="42">
<kw name="Strat TestCase" library="Common" type="SETUP">
<kw name="Open Browser" library="SeleniumLibrary">
<arg>about:blank</arg>
<arg>${BROWSER}</arg>
<doc>Opens a new browser instance to the optional ``url``.</doc>
<msg timestamp="20230521 19:37:38.199" level="INFO">Opening browser 'chrome' to base url 'about:blank'.</msg>
<status status="PASS" starttime="20230521 19:37:38.199" endtime="20230521 19:37:39.666"/>
</kw>
<kw name="Go To" library="SeleniumLibrary">
<arg>${URL}</arg>
<doc>Navigates the current browser window to the provided ``url``.</doc>
<msg timestamp="20230521 19:37:39.666" level="INFO">Opening url 'https://abhigyank.github.io/To-Do-List/'</msg>
<status status="PASS" starttime="20230521 19:37:39.666" endtime="20230521 19:37:43.081"/>
</kw>
<kw name="Maximize Browser Window" library="SeleniumLibrary">
<doc>Maximizes current browser window.</doc>
<status status="PASS" starttime="20230521 19:37:43.081" endtime="20230521 19:37:43.206"/>
</kw>
<status status="PASS" starttime="20230521 19:37:38.199" endtime="20230521 19:37:43.206"/>
</kw>
<kw name="Home page should be load element" library="HomePage">
<kw name="Wait Until Page Contains" library="SeleniumLibrary">
<arg>To Do List</arg>
<doc>Waits until ``text`` appears on the current page.</doc>
<status status="PASS" starttime="20230521 19:37:43.206" endtime="20230521 19:37:43.234"/>
</kw>
<kw name="Wait Until Page Contains Element" library="SeleniumLibrary">
<arg>${ADD_ITEM_TAB}</arg>
<doc>Waits until the element ``locator`` appears on the current page.</doc>
<status status="PASS" starttime="20230521 19:37:43.234" endtime="20230521 19:37:43.256"/>
</kw>
<kw name="Wait Until Page Contains Element" library="SeleniumLibrary">
<arg>${TO_DO_TASKS_TAB}</arg>
<doc>Waits until the element ``locator`` appears on the current page.</doc>
<status status="PASS" starttime="20230521 19:37:43.256" endtime="20230521 19:37:43.272"/>
</kw>
<kw name="Wait Until Page Contains Element" library="SeleniumLibrary">
<arg>${COMPLETED_TAB}</arg>
<doc>Waits until the element ``locator`` appears on the current page.</doc>
<status status="PASS" starttime="20230521 19:37:43.272" endtime="20230521 19:37:43.289"/>
</kw>
<kw name="Wait Until Page Contains Element" library="SeleniumLibrary">
<arg>${INPUT_TEXT_FIELD}</arg>
<doc>Waits until the element ``locator`` appears on the current page.</doc>
<status status="PASS" starttime="20230521 19:37:43.289" endtime="20230521 19:37:43.304"/>
</kw>
<kw name="Wait Until Page Contains Element" library="SeleniumLibrary">
<arg>${ADD_BUTTON}</arg>
<doc>Waits until the element ``locator`` appears on the current page.</doc>
<status status="PASS" starttime="20230521 19:37:43.304" endtime="20230521 19:37:43.319"/>
</kw>
<status status="PASS" starttime="20230521 19:37:43.206" endtime="20230521 19:37:43.319"/>
</kw>
<kw name="User fill data and click add button">
<arg>${SPACE}</arg>
<kw name="Fill data into textfield" library="AddItems">
<arg>${DATA}</arg>
<kw name="Input Text" library="SeleniumLibrary">
<arg>${INPUT_TEXT_FIELD}</arg>
<arg>${DATA}</arg>
<doc>Types the given ``text`` into the text field identified by ``locator``.</doc>
<msg timestamp="20230521 19:37:43.322" level="INFO">Typing text ' ' into text field 'xpath: //input[@id='new-task']'.</msg>
<status status="PASS" starttime="20230521 19:37:43.321" endtime="20230521 19:37:43.437"/>
</kw>
<status status="PASS" starttime="20230521 19:37:43.321" endtime="20230521 19:37:43.438"/>
</kw>
<kw name="Click add button" library="AddItems">
<kw name="Click Element" library="SeleniumLibrary">
<arg>${ADD_BUTTON}</arg>
<doc>Click the element identified by ``locator``.</doc>
<msg timestamp="20230521 19:37:43.439" level="INFO">Clicking element 'xpath: //button[@class='mdl-button mdl-js-button mdl-button--fab mdl-button--mini-fab mdl-button--colored']'.</msg>
<status status="PASS" starttime="20230521 19:37:43.439" endtime="20230521 19:37:43.491"/>
</kw>
<status status="PASS" starttime="20230521 19:37:43.438" endtime="20230521 19:37:43.491"/>
</kw>
<status status="PASS" starttime="20230521 19:37:43.320" endtime="20230521 19:37:43.491"/>
</kw>
<kw name="Click tab to do tasks" library="ToDoTasks">
<kw name="Click Element" library="SeleniumLibrary">
<arg>${TO_DO_TASKS_TAB}</arg>
<doc>Click the element identified by ``locator``.</doc>
<msg timestamp="20230521 19:37:43.491" level="INFO">Clicking element 'xpath: //a[normalize-space()='To-Do Tasks']'.</msg>
<status status="PASS" starttime="20230521 19:37:43.491" endtime="20230521 19:37:43.546"/>
</kw>
<status status="PASS" starttime="20230521 19:37:43.491" endtime="20230521 19:37:43.546"/>
</kw>
<kw name="List items display" library="Items">
<arg>${SPACE}</arg>
<kw name="Page Should Contain" library="SeleniumLibrary">
<arg>${DATA}</arg>
<doc>Verifies that current page contains ``text``.</doc>
<msg timestamp="20230521 19:37:43.570" level="INFO">Current page contains text ' '.</msg>
<status status="PASS" starttime="20230521 19:37:43.547" endtime="20230521 19:37:43.570"/>
</kw>
<status status="PASS" starttime="20230521 19:37:43.546" endtime="20230521 19:37:43.570"/>
</kw>
<kw name="Finish TestCase" library="Common" type="TEARDOWN">
<kw name="Close Browser" library="SeleniumLibrary">
<doc>Closes the current browser.</doc>
<status status="PASS" starttime="20230521 19:37:43.570" endtime="20230521 19:37:45.791"/>
</kw>
<status status="PASS" starttime="20230521 19:37:43.570" endtime="20230521 19:37:45.791"/>
</kw>
<status status="PASS" starttime="20230521 19:37:38.199" endtime="20230521 19:37:45.791"/>
</test>
<test id="s1-t3" name="Verify user fill data and click add button" line="48">
<kw name="Strat TestCase" library="Common" type="SETUP">
<kw name="Open Browser" library="SeleniumLibrary">
<arg>about:blank</arg>
<arg>${BROWSER}</arg>
<doc>Opens a new browser instance to the optional ``url``.</doc>
<msg timestamp="20230521 19:37:45.791" level="INFO">Opening browser 'chrome' to base url 'about:blank'.</msg>
<status status="PASS" starttime="20230521 19:37:45.791" endtime="20230521 19:37:47.302"/>
</kw>
<kw name="Go To" library="SeleniumLibrary">
<arg>${URL}</arg>
<doc>Navigates the current browser window to the provided ``url``.</doc>
<msg timestamp="20230521 19:37:47.303" level="INFO">Opening url 'https://abhigyank.github.io/To-Do-List/'</msg>
<status status="PASS" starttime="20230521 19:37:47.302" endtime="20230521 19:37:50.089"/>
</kw>
<kw name="Maximize Browser Window" library="SeleniumLibrary">
<doc>Maximizes current browser window.</doc>
<status status="PASS" starttime="20230521 19:37:50.089" endtime="20230521 19:37:50.221"/>
</kw>
<status status="PASS" starttime="20230521 19:37:45.791" endtime="20230521 19:37:50.221"/>
</kw>
<kw name="Home page should be load element" library="HomePage">
<kw name="Wait Until Page Contains" library="SeleniumLibrary">
<arg>To Do List</arg>
<doc>Waits until ``text`` appears on the current page.</doc>
<status status="PASS" starttime="20230521 19:37:50.221" endtime="20230521 19:37:50.240"/>
</kw>
<kw name="Wait Until Page Contains Element" library="SeleniumLibrary">
<arg>${ADD_ITEM_TAB}</arg>
<doc>Waits until the element ``locator`` appears on the current page.</doc>
<status status="PASS" starttime="20230521 19:37:50.240" endtime="20230521 19:37:50.256"/>
</kw>
<kw name="Wait Until Page Contains Element" library="SeleniumLibrary">
<arg>${TO_DO_TASKS_TAB}</arg>
<doc>Waits until the element ``locator`` appears on the current page.</doc>
<status status="PASS" starttime="20230521 19:37:50.256" endtime="20230521 19:37:50.271"/>
</kw>
<kw name="Wait Until Page Contains Element" library="SeleniumLibrary">
<arg>${COMPLETED_TAB}</arg>
<doc>Waits until the element ``locator`` appears on the current page.</doc>
<status status="PASS" starttime="20230521 19:37:50.271" endtime="20230521 19:37:50.287"/>
</kw>
<kw name="Wait Until Page Contains Element" library="SeleniumLibrary">
<arg>${INPUT_TEXT_FIELD}</arg>
<doc>Waits until the element ``locator`` appears on the current page.</doc>
<status status="PASS" starttime="20230521 19:37:50.287" endtime="20230521 19:37:50.301"/>
</kw>
<kw name="Wait Until Page Contains Element" library="SeleniumLibrary">
<arg>${ADD_BUTTON}</arg>
<doc>Waits until the element ``locator`` appears on the current page.</doc>
<status status="PASS" starttime="20230521 19:37:50.301" endtime="20230521 19:37:50.304"/>
</kw>
<status status="PASS" starttime="20230521 19:37:50.221" endtime="20230521 19:37:50.318"/>
</kw>
<kw name="User fill data and click add button">
<arg>working</arg>
<kw name="Fill data into textfield" library="AddItems">
<arg>${DATA}</arg>
<kw name="Input Text" library="SeleniumLibrary">
<arg>${INPUT_TEXT_FIELD}</arg>
<arg>${DATA}</arg>
<doc>Types the given ``text`` into the text field identified by ``locator``.</doc>
<msg timestamp="20230521 19:37:50.320" level="INFO">Typing text 'working' into text field 'xpath: //input[@id='new-task']'.</msg>
<status status="PASS" starttime="20230521 19:37:50.319" endtime="20230521 19:37:50.442"/>
</kw>
<status status="PASS" starttime="20230521 19:37:50.319" endtime="20230521 19:37:50.442"/>
</kw>
<kw name="Click add button" library="AddItems">
<kw name="Click Element" library="SeleniumLibrary">
<arg>${ADD_BUTTON}</arg>
<doc>Click the element identified by ``locator``.</doc>
<msg timestamp="20230521 19:37:50.442" level="INFO">Clicking element 'xpath: //button[@class='mdl-button mdl-js-button mdl-button--fab mdl-button--mini-fab mdl-button--colored']'.</msg>
<status status="PASS" starttime="20230521 19:37:50.442" endtime="20230521 19:37:50.485"/>
</kw>
<status status="PASS" starttime="20230521 19:37:50.442" endtime="20230521 19:37:50.485"/>
</kw>
<status status="PASS" starttime="20230521 19:37:50.318" endtime="20230521 19:37:50.485"/>
</kw>
<kw name="Click tab to do tasks" library="ToDoTasks">
<kw name="Click Element" library="SeleniumLibrary">
<arg>${TO_DO_TASKS_TAB}</arg>
<doc>Click the element identified by ``locator``.</doc>
<msg timestamp="20230521 19:37:50.485" level="INFO">Clicking element 'xpath: //a[normalize-space()='To-Do Tasks']'.</msg>
<status status="PASS" starttime="20230521 19:37:50.485" endtime="20230521 19:37:50.559"/>
</kw>
<status status="PASS" starttime="20230521 19:37:50.485" endtime="20230521 19:37:50.559"/>
</kw>
<kw name="List items display" library="Items">
<arg>working</arg>
<kw name="Page Should Contain" library="SeleniumLibrary">
<arg>${DATA}</arg>
<doc>Verifies that current page contains ``text``.</doc>
<msg timestamp="20230521 19:37:50.581" level="INFO">Current page contains text 'working'.</msg>
<status status="PASS" starttime="20230521 19:37:50.560" endtime="20230521 19:37:50.581"/>
</kw>
<status status="PASS" starttime="20230521 19:37:50.560" endtime="20230521 19:37:50.581"/>
</kw>
<kw name="Finish TestCase" library="Common" type="TEARDOWN">
<kw name="Close Browser" library="SeleniumLibrary">
<doc>Closes the current browser.</doc>
<status status="PASS" starttime="20230521 19:37:50.582" endtime="20230521 19:37:52.781"/>
</kw>
<status status="PASS" starttime="20230521 19:37:50.582" endtime="20230521 19:37:52.781"/>
</kw>
<status status="PASS" starttime="20230521 19:37:45.791" endtime="20230521 19:37:52.781"/>
</test>
<test id="s1-t4" name="Verify user fill data with numberic only and click add button" line="54">
<kw name="Strat TestCase" library="Common" type="SETUP">
<kw name="Open Browser" library="SeleniumLibrary">
<arg>about:blank</arg>
<arg>${BROWSER}</arg>
<doc>Opens a new browser instance to the optional ``url``.</doc>
<msg timestamp="20230521 19:37:52.781" level="INFO">Opening browser 'chrome' to base url 'about:blank'.</msg>
<status status="PASS" starttime="20230521 19:37:52.781" endtime="20230521 19:37:54.141"/>
</kw>
<kw name="Go To" library="SeleniumLibrary">
<arg>${URL}</arg>
<doc>Navigates the current browser window to the provided ``url``.</doc>
<msg timestamp="20230521 19:37:54.141" level="INFO">Opening url 'https://abhigyank.github.io/To-Do-List/'</msg>
<status status="PASS" starttime="20230521 19:37:54.141" endtime="20230521 19:37:57.478"/>
</kw>
<kw name="Maximize Browser Window" library="SeleniumLibrary">
<doc>Maximizes current browser window.</doc>
<status status="PASS" starttime="20230521 19:37:57.478" endtime="20230521 19:37:57.602"/>
</kw>
<status status="PASS" starttime="20230521 19:37:52.781" endtime="20230521 19:37:57.602"/>
</kw>
<kw name="Home page should be load element" library="HomePage">
<kw name="Wait Until Page Contains" library="SeleniumLibrary">
<arg>To Do List</arg>
<doc>Waits until ``text`` appears on the current page.</doc>
<status status="PASS" starttime="20230521 19:37:57.602" endtime="20230521 19:37:57.625"/>
</kw>
<kw name="Wait Until Page Contains Element" library="SeleniumLibrary">
<arg>${ADD_ITEM_TAB}</arg>
<doc>Waits until the element ``locator`` appears on the current page.</doc>
<status status="PASS" starttime="20230521 19:37:57.625" endtime="20230521 19:37:57.640"/>
</kw>
<kw name="Wait Until Page Contains Element" library="SeleniumLibrary">
<arg>${TO_DO_TASKS_TAB}</arg>
<doc>Waits until the element ``locator`` appears on the current page.</doc>
<status status="PASS" starttime="20230521 19:37:57.640" endtime="20230521 19:37:57.656"/>
</kw>
<kw name="Wait Until Page Contains Element" library="SeleniumLibrary">
<arg>${COMPLETED_TAB}</arg>
<doc>Waits until the element ``locator`` appears on the current page.</doc>
<status status="PASS" starttime="20230521 19:37:57.656" endtime="20230521 19:37:57.670"/>
</kw>
<kw name="Wait Until Page Contains Element" library="SeleniumLibrary">
<arg>${INPUT_TEXT_FIELD}</arg>
<doc>Waits until the element ``locator`` appears on the current page.</doc>
<status status="PASS" starttime="20230521 19:37:57.670" endtime="20230521 19:37:57.685"/>
</kw>
<kw name="Wait Until Page Contains Element" library="SeleniumLibrary">
<arg>${ADD_BUTTON}</arg>
<doc>Waits until the element ``locator`` appears on the current page.</doc>
<status status="PASS" starttime="20230521 19:37:57.685" endtime="20230521 19:37:57.701"/>
</kw>
<status status="PASS" starttime="20230521 19:37:57.602" endtime="20230521 19:37:57.701"/>
</kw>
<kw name="User fill data and click add button">
<arg>123456</arg>
<kw name="Fill data into textfield" library="AddItems">
<arg>${DATA}</arg>
<kw name="Input Text" library="SeleniumLibrary">
<arg>${INPUT_TEXT_FIELD}</arg>
<arg>${DATA}</arg>
<doc>Types the given ``text`` into the text field identified by ``locator``.</doc>
<msg timestamp="20230521 19:37:57.704" level="INFO">Typing text '123456' into text field 'xpath: //input[@id='new-task']'.</msg>
<status status="PASS" starttime="20230521 19:37:57.703" endtime="20230521 19:37:57.820"/>
</kw>
<status status="PASS" starttime="20230521 19:37:57.703" endtime="20230521 19:37:57.820"/>
</kw>
<kw name="Click add button" library="AddItems">
<kw name="Click Element" library="SeleniumLibrary">
<arg>${ADD_BUTTON}</arg>
<doc>Click the element identified by ``locator``.</doc>
<msg timestamp="20230521 19:37:57.820" level="INFO">Clicking element 'xpath: //button[@class='mdl-button mdl-js-button mdl-button--fab mdl-button--mini-fab mdl-button--colored']'.</msg>
<status status="PASS" starttime="20230521 19:37:57.820" endtime="20230521 19:37:57.871"/>
</kw>
<status status="PASS" starttime="20230521 19:37:57.820" endtime="20230521 19:37:57.871"/>
</kw>
<status status="PASS" starttime="20230521 19:37:57.702" endtime="20230521 19:37:57.871"/>
</kw>
<kw name="Click tab to do tasks" library="ToDoTasks">
<kw name="Click Element" library="SeleniumLibrary">
<arg>${TO_DO_TASKS_TAB}</arg>
<doc>Click the element identified by ``locator``.</doc>
<msg timestamp="20230521 19:37:57.871" level="INFO">Clicking element 'xpath: //a[normalize-space()='To-Do Tasks']'.</msg>
<status status="PASS" starttime="20230521 19:37:57.871" endtime="20230521 19:37:57.928"/>
</kw>
<status status="PASS" starttime="20230521 19:37:57.871" endtime="20230521 19:37:57.928"/>
</kw>
<kw name="List items display" library="Items">
<arg>123456</arg>
<kw name="Page Should Contain" library="SeleniumLibrary">
<arg>${DATA}</arg>
<doc>Verifies that current page contains ``text``.</doc>
<msg timestamp="20230521 19:37:57.950" level="INFO">Current page contains text '123456'.</msg>
<status status="PASS" starttime="20230521 19:37:57.930" endtime="20230521 19:37:57.950"/>
</kw>
<status status="PASS" starttime="20230521 19:37:57.929" endtime="20230521 19:37:57.950"/>
</kw>
<kw name="Finish TestCase" library="Common" type="TEARDOWN">
<kw name="Close Browser" library="SeleniumLibrary">
<doc>Closes the current browser.</doc>
<status status="PASS" starttime="20230521 19:37:57.950" endtime="20230521 19:38:00.166"/>
</kw>
<status status="PASS" starttime="20230521 19:37:57.950" endtime="20230521 19:38:00.166"/>
</kw>
<status status="PASS" starttime="20230521 19:37:52.781" endtime="20230521 19:38:00.166"/>
</test>
<test id="s1-t5" name="Verify user fill data with special character only and click add button" line="60">
<kw name="Strat TestCase" library="Common" type="SETUP">
<kw name="Open Browser" library="SeleniumLibrary">
<arg>about:blank</arg>
<arg>${BROWSER}</arg>
<doc>Opens a new browser instance to the optional ``url``.</doc>
<msg timestamp="20230521 19:38:00.166" level="INFO">Opening browser 'chrome' to base url 'about:blank'.</msg>
<status status="PASS" starttime="20230521 19:38:00.166" endtime="20230521 19:38:01.642"/>
</kw>
<kw name="Go To" library="SeleniumLibrary">
<arg>${URL}</arg>
<doc>Navigates the current browser window to the provided ``url``.</doc>
<msg timestamp="20230521 19:38:01.642" level="INFO">Opening url 'https://abhigyank.github.io/To-Do-List/'</msg>
<status status="PASS" starttime="20230521 19:38:01.642" endtime="20230521 19:38:04.053"/>
</kw>
<kw name="Maximize Browser Window" library="SeleniumLibrary">
<doc>Maximizes current browser window.</doc>
<status status="PASS" starttime="20230521 19:38:04.053" endtime="20230521 19:38:04.186"/>
</kw>
<status status="PASS" starttime="20230521 19:38:00.166" endtime="20230521 19:38:04.186"/>
</kw>
<kw name="Home page should be load element" library="HomePage">
<kw name="Wait Until Page Contains" library="SeleniumLibrary">
<arg>To Do List</arg>
<doc>Waits until ``text`` appears on the current page.</doc>
<status status="PASS" starttime="20230521 19:38:04.187" endtime="20230521 19:38:04.204"/>
</kw>
<kw name="Wait Until Page Contains Element" library="SeleniumLibrary">
<arg>${ADD_ITEM_TAB}</arg>
<doc>Waits until the element ``locator`` appears on the current page.</doc>
<status status="PASS" starttime="20230521 19:38:04.204" endtime="20230521 19:38:04.223"/>
</kw>
<kw name="Wait Until Page Contains Element" library="SeleniumLibrary">
<arg>${TO_DO_TASKS_TAB}</arg>
<doc>Waits until the element ``locator`` appears on the current page.</doc>
<status status="PASS" starttime="20230521 19:38:04.223" endtime="20230521 19:38:04.238"/>
</kw>
<kw name="Wait Until Page Contains Element" library="SeleniumLibrary">
<arg>${COMPLETED_TAB}</arg>
<doc>Waits until the element ``locator`` appears on the current page.</doc>
<status status="PASS" starttime="20230521 19:38:04.238" endtime="20230521 19:38:04.252"/>
</kw>
<kw name="Wait Until Page Contains Element" library="SeleniumLibrary">
<arg>${INPUT_TEXT_FIELD}</arg>
<doc>Waits until the element ``locator`` appears on the current page.</doc>
<status status="PASS" starttime="20230521 19:38:04.252" endtime="20230521 19:38:04.266"/>
</kw>
<kw name="Wait Until Page Contains Element" library="SeleniumLibrary">
<arg>${ADD_BUTTON}</arg>
<doc>Waits until the element ``locator`` appears on the current page.</doc>
<status status="PASS" starttime="20230521 19:38:04.266" endtime="20230521 19:38:04.279"/>
</kw>
<status status="PASS" starttime="20230521 19:38:04.187" endtime="20230521 19:38:04.279"/>
</kw>
<kw name="User fill data and click add button">
<arg>@$#^$#)</arg>
<kw name="Fill data into textfield" library="AddItems">
<arg>${DATA}</arg>
<kw name="Input Text" library="SeleniumLibrary">
<arg>${INPUT_TEXT_FIELD}</arg>
<arg>${DATA}</arg>
<doc>Types the given ``text`` into the text field identified by ``locator``.</doc>
<msg timestamp="20230521 19:38:04.281" level="INFO">Typing text '@$#^$#)' into text field 'xpath: //input[@id='new-task']'.</msg>
<status status="PASS" starttime="20230521 19:38:04.280" endtime="20230521 19:38:04.399"/>
</kw>
<status status="PASS" starttime="20230521 19:38:04.280" endtime="20230521 19:38:04.399"/>
</kw>
<kw name="Click add button" library="AddItems">
<kw name="Click Element" library="SeleniumLibrary">
<arg>${ADD_BUTTON}</arg>
<doc>Click the element identified by ``locator``.</doc>
<msg timestamp="20230521 19:38:04.401" level="INFO">Clicking element 'xpath: //button[@class='mdl-button mdl-js-button mdl-button--fab mdl-button--mini-fab mdl-button--colored']'.</msg>
<status status="PASS" starttime="20230521 19:38:04.400" endtime="20230521 19:38:04.451"/>
</kw>
<status status="PASS" starttime="20230521 19:38:04.400" endtime="20230521 19:38:04.451"/>
</kw>
<status status="PASS" starttime="20230521 19:38:04.280" endtime="20230521 19:38:04.451"/>
</kw>
<kw name="Click tab to do tasks" library="ToDoTasks">
<kw name="Click Element" library="SeleniumLibrary">
<arg>${TO_DO_TASKS_TAB}</arg>
<doc>Click the element identified by ``locator``.</doc>
<msg timestamp="20230521 19:38:04.451" level="INFO">Clicking element 'xpath: //a[normalize-space()='To-Do Tasks']'.</msg>
<status status="PASS" starttime="20230521 19:38:04.451" endtime="20230521 19:38:04.506"/>
</kw>
<status status="PASS" starttime="20230521 19:38:04.451" endtime="20230521 19:38:04.506"/>
</kw>
<kw name="List items display" library="Items">
<arg>@$#^$#)</arg>
<kw name="Page Should Contain" library="SeleniumLibrary">
<arg>${DATA}</arg>
<doc>Verifies that current page contains ``text``.</doc>
<msg timestamp="20230521 19:38:04.528" level="INFO">Current page contains text '@$#^$#)'.</msg>
<status status="PASS" starttime="20230521 19:38:04.507" endtime="20230521 19:38:04.528"/>
</kw>
<status status="PASS" starttime="20230521 19:38:04.506" endtime="20230521 19:38:04.528"/>
</kw>
<kw name="Finish TestCase" library="Common" type="TEARDOWN">
<kw name="Close Browser" library="SeleniumLibrary">
<doc>Closes the current browser.</doc>
<status status="PASS" starttime="20230521 19:38:04.529" endtime="20230521 19:38:06.746"/>
</kw>
<status status="PASS" starttime="20230521 19:38:04.529" endtime="20230521 19:38:06.746"/>
</kw>
<status status="PASS" starttime="20230521 19:38:00.166" endtime="20230521 19:38:06.746"/>
</test>
<test id="s1-t6" name="Verify user fill data with special character combine numberic and click add button" line="66">
<kw name="Strat TestCase" library="Common" type="SETUP">
<kw name="Open Browser" library="SeleniumLibrary">
<arg>about:blank</arg>
<arg>${BROWSER}</arg>
<doc>Opens a new browser instance to the optional ``url``.</doc>
<msg timestamp="20230521 19:38:06.746" level="INFO">Opening browser 'chrome' to base url 'about:blank'.</msg>
<status status="PASS" starttime="20230521 19:38:06.746" endtime="20230521 19:38:08.287"/>
</kw>
<kw name="Go To" library="SeleniumLibrary">
<arg>${URL}</arg>
<doc>Navigates the current browser window to the provided ``url``.</doc>
<msg timestamp="20230521 19:38:08.288" level="INFO">Opening url 'https://abhigyank.github.io/To-Do-List/'</msg>
<status status="PASS" starttime="20230521 19:38:08.288" endtime="20230521 19:38:11.009"/>
</kw>
<kw name="Maximize Browser Window" library="SeleniumLibrary">
<doc>Maximizes current browser window.</doc>
<status status="PASS" starttime="20230521 19:38:11.009" endtime="20230521 19:38:11.133"/>
</kw>
<status status="PASS" starttime="20230521 19:38:06.746" endtime="20230521 19:38:11.133"/>
</kw>
<kw name="Home page should be load element" library="HomePage">
<kw name="Wait Until Page Contains" library="SeleniumLibrary">
<arg>To Do List</arg>
<doc>Waits until ``text`` appears on the current page.</doc>
<status status="PASS" starttime="20230521 19:38:11.133" endtime="20230521 19:38:11.151"/>
</kw>
<kw name="Wait Until Page Contains Element" library="SeleniumLibrary">
<arg>${ADD_ITEM_TAB}</arg>
<doc>Waits until the element ``locator`` appears on the current page.</doc>
<status status="PASS" starttime="20230521 19:38:11.151" endtime="20230521 19:38:11.166"/>
</kw>
<kw name="Wait Until Page Contains Element" library="SeleniumLibrary">
<arg>${TO_DO_TASKS_TAB}</arg>
<doc>Waits until the element ``locator`` appears on the current page.</doc>
<status status="PASS" starttime="20230521 19:38:11.166" endtime="20230521 19:38:11.181"/>
</kw>
<kw name="Wait Until Page Contains Element" library="SeleniumLibrary">
<arg>${COMPLETED_TAB}</arg>
<doc>Waits until the element ``locator`` appears on the current page.</doc>
<status status="PASS" starttime="20230521 19:38:11.181" endtime="20230521 19:38:11.183"/>
</kw>
<kw name="Wait Until Page Contains Element" library="SeleniumLibrary">
<arg>${INPUT_TEXT_FIELD}</arg>
<doc>Waits until the element ``locator`` appears on the current page.</doc>
<status status="PASS" starttime="20230521 19:38:11.183" endtime="20230521 19:38:11.199"/>
</kw>
<kw name="Wait Until Page Contains Element" library="SeleniumLibrary">
<arg>${ADD_BUTTON}</arg>
<doc>Waits until the element ``locator`` appears on the current page.</doc>
<status status="PASS" starttime="20230521 19:38:11.199" endtime="20230521 19:38:11.216"/>
</kw>
<status status="PASS" starttime="20230521 19:38:11.133" endtime="20230521 19:38:11.216"/>
</kw>
<kw name="User fill data and click add button">
<arg>@$#1256</arg>
<kw name="Fill data into textfield" library="AddItems">
<arg>${DATA}</arg>
<kw name="Input Text" library="SeleniumLibrary">
<arg>${INPUT_TEXT_FIELD}</arg>
<arg>${DATA}</arg>
<doc>Types the given ``text`` into the text field identified by ``locator``.</doc>
<msg timestamp="20230521 19:38:11.216" level="INFO">Typing text '@$#1256' into text field 'xpath: //input[@id='new-task']'.</msg>
<status status="PASS" starttime="20230521 19:38:11.216" endtime="20230521 19:38:11.353"/>
</kw>
<status status="PASS" starttime="20230521 19:38:11.216" endtime="20230521 19:38:11.353"/>
</kw>
<kw name="Click add button" library="AddItems">
<kw name="Click Element" library="SeleniumLibrary">
<arg>${ADD_BUTTON}</arg>
<doc>Click the element identified by ``locator``.</doc>
<msg timestamp="20230521 19:38:11.353" level="INFO">Clicking element 'xpath: //button[@class='mdl-button mdl-js-button mdl-button--fab mdl-button--mini-fab mdl-button--colored']'.</msg>
<status status="PASS" starttime="20230521 19:38:11.353" endtime="20230521 19:38:11.397"/>
</kw>
<status status="PASS" starttime="20230521 19:38:11.353" endtime="20230521 19:38:11.397"/>
</kw>
<status status="PASS" starttime="20230521 19:38:11.216" endtime="20230521 19:38:11.397"/>
</kw>
<kw name="Click tab to do tasks" library="ToDoTasks">
<kw name="Click Element" library="SeleniumLibrary">
<arg>${TO_DO_TASKS_TAB}</arg>
<doc>Click the element identified by ``locator``.</doc>
<msg timestamp="20230521 19:38:11.397" level="INFO">Clicking element 'xpath: //a[normalize-space()='To-Do Tasks']'.</msg>
<status status="PASS" starttime="20230521 19:38:11.397" endtime="20230521 19:38:11.461"/>
</kw>
<status status="PASS" starttime="20230521 19:38:11.397" endtime="20230521 19:38:11.461"/>
</kw>
<kw name="List items display" library="Items">
<arg>@$#1256</arg>
<kw name="Page Should Contain" library="SeleniumLibrary">
<arg>${DATA}</arg>
<doc>Verifies that current page contains ``text``.</doc>
<msg timestamp="20230521 19:38:11.489" level="INFO">Current page contains text '@$#1256'.</msg>
<status status="PASS" starttime="20230521 19:38:11.463" endtime="20230521 19:38:11.489"/>
</kw>
<status status="PASS" starttime="20230521 19:38:11.462" endtime="20230521 19:38:11.489"/>
</kw>
<kw name="Finish TestCase" library="Common" type="TEARDOWN">
<kw name="Close Browser" library="SeleniumLibrary">
<doc>Closes the current browser.</doc>
<status status="PASS" starttime="20230521 19:38:11.490" endtime="20230521 19:38:13.734"/>
</kw>
<status status="PASS" starttime="20230521 19:38:11.490" endtime="20230521 19:38:13.734"/>
</kw>
<status status="PASS" starttime="20230521 19:38:06.746" endtime="20230521 19:38:13.734"/>
</test>
<test id="s1-t7" name="Verify user fill data with special character combine english language and click add button" line="72">
<kw name="Strat TestCase" library="Common" type="SETUP">
<kw name="Open Browser" library="SeleniumLibrary">
<arg>about:blank</arg>
<arg>${BROWSER}</arg>
<doc>Opens a new browser instance to the optional ``url``.</doc>
<msg timestamp="20230521 19:38:13.734" level="INFO">Opening browser 'chrome' to base url 'about:blank'.</msg>
<status status="PASS" starttime="20230521 19:38:13.734" endtime="20230521 19:38:15.137"/>
</kw>
<kw name="Go To" library="SeleniumLibrary">
<arg>${URL}</arg>
<doc>Navigates the current browser window to the provided ``url``.</doc>
<msg timestamp="20230521 19:38:15.137" level="INFO">Opening url 'https://abhigyank.github.io/To-Do-List/'</msg>
<status status="PASS" starttime="20230521 19:38:15.137" endtime="20230521 19:38:17.426"/>
</kw>
<kw name="Maximize Browser Window" library="SeleniumLibrary">
<doc>Maximizes current browser window.</doc>
<status status="PASS" starttime="20230521 19:38:17.426" endtime="20230521 19:38:17.551"/>
</kw>
<status status="PASS" starttime="20230521 19:38:13.734" endtime="20230521 19:38:17.551"/>
</kw>
<kw name="Home page should be load element" library="HomePage">
<kw name="Wait Until Page Contains" library="SeleniumLibrary">
<arg>To Do List</arg>
<doc>Waits until ``text`` appears on the current page.</doc>
<status status="PASS" starttime="20230521 19:38:17.551" endtime="20230521 19:38:17.589"/>
</kw>
<kw name="Wait Until Page Contains Element" library="SeleniumLibrary">
<arg>${ADD_ITEM_TAB}</arg>
<doc>Waits until the element ``locator`` appears on the current page.</doc>
<status status="PASS" starttime="20230521 19:38:17.589" endtime="20230521 19:38:17.598"/>
</kw>
<kw name="Wait Until Page Contains Element" library="SeleniumLibrary">
<arg>${TO_DO_TASKS_TAB}</arg>
<doc>Waits until the element ``locator`` appears on the current page.</doc>
<status status="PASS" starttime="20230521 19:38:17.598" endtime="20230521 19:38:17.614"/>
</kw>
<kw name="Wait Until Page Contains Element" library="SeleniumLibrary">
<arg>${COMPLETED_TAB}</arg>
<doc>Waits until the element ``locator`` appears on the current page.</doc>
<status status="PASS" starttime="20230521 19:38:17.614" endtime="20230521 19:38:17.631"/>
</kw>
<kw name="Wait Until Page Contains Element" library="SeleniumLibrary">
<arg>${INPUT_TEXT_FIELD}</arg>
<doc>Waits until the element ``locator`` appears on the current page.</doc>
<status status="PASS" starttime="20230521 19:38:17.631" endtime="20230521 19:38:17.650"/>
</kw>
<kw name="Wait Until Page Contains Element" library="SeleniumLibrary">
<arg>${ADD_BUTTON}</arg>
<doc>Waits until the element ``locator`` appears on the current page.</doc>
<status status="PASS" starttime="20230521 19:38:17.651" endtime="20230521 19:38:17.663"/>
</kw>
<status status="PASS" starttime="20230521 19:38:17.551" endtime="20230521 19:38:17.663"/>
</kw>
<kw name="User fill data and click add button">
<arg>+_)$$Jane</arg>
<kw name="Fill data into textfield" library="AddItems">
<arg>${DATA}</arg>
<kw name="Input Text" library="SeleniumLibrary">
<arg>${INPUT_TEXT_FIELD}</arg>
<arg>${DATA}</arg>
<doc>Types the given ``text`` into the text field identified by ``locator``.</doc>
<msg timestamp="20230521 19:38:17.665" level="INFO">Typing text '+_)$$Jane' into text field 'xpath: //input[@id='new-task']'.</msg>
<status status="PASS" starttime="20230521 19:38:17.665" endtime="20230521 19:38:17.797"/>
</kw>
<status status="PASS" starttime="20230521 19:38:17.664" endtime="20230521 19:38:17.797"/>
</kw>
<kw name="Click add button" library="AddItems">
<kw name="Click Element" library="SeleniumLibrary">
<arg>${ADD_BUTTON}</arg>
<doc>Click the element identified by ``locator``.</doc>
<msg timestamp="20230521 19:38:17.799" level="INFO">Clicking element 'xpath: //button[@class='mdl-button mdl-js-button mdl-button--fab mdl-button--mini-fab mdl-button--colored']'.</msg>
<status status="PASS" starttime="20230521 19:38:17.798" endtime="20230521 19:38:17.849"/>
</kw>
<status status="PASS" starttime="20230521 19:38:17.797" endtime="20230521 19:38:17.849"/>
</kw>
<status status="PASS" starttime="20230521 19:38:17.664" endtime="20230521 19:38:17.849"/>
</kw>
<kw name="Click tab to do tasks" library="ToDoTasks">
<kw name="Click Element" library="SeleniumLibrary">
<arg>${TO_DO_TASKS_TAB}</arg>
<doc>Click the element identified by ``locator``.</doc>
<msg timestamp="20230521 19:38:17.849" level="INFO">Clicking element 'xpath: //a[normalize-space()='To-Do Tasks']'.</msg>
<status status="PASS" starttime="20230521 19:38:17.849" endtime="20230521 19:38:17.902"/>
</kw>
<status status="PASS" starttime="20230521 19:38:17.849" endtime="20230521 19:38:17.902"/>
</kw>
<kw name="List items display" library="Items">
<arg>+_)$$Jane</arg>
<kw name="Page Should Contain" library="SeleniumLibrary">
<arg>${DATA}</arg>
<doc>Verifies that current page contains ``text``.</doc>
<msg timestamp="20230521 19:38:17.925" level="INFO">Current page contains text '+_)$$Jane'.</msg>
<status status="PASS" starttime="20230521 19:38:17.903" endtime="20230521 19:38:17.925"/>
</kw>
<status status="PASS" starttime="20230521 19:38:17.903" endtime="20230521 19:38:17.925"/>
</kw>
<kw name="Finish TestCase" library="Common" type="TEARDOWN">
<kw name="Close Browser" library="SeleniumLibrary">
<doc>Closes the current browser.</doc>
<status status="PASS" starttime="20230521 19:38:17.926" endtime="20230521 19:38:20.150"/>
</kw>
<status status="PASS" starttime="20230521 19:38:17.926" endtime="20230521 19:38:20.150"/>
</kw>
<status status="PASS" starttime="20230521 19:38:13.734" endtime="20230521 19:38:20.150"/>
</test>
<test id="s1-t8" name="Verify user fill data with special character combine thai language and click add button" line="78">
<kw name="Strat TestCase" library="Common" type="SETUP">
<kw name="Open Browser" library="SeleniumLibrary">
<arg>about:blank</arg>
<arg>${BROWSER}</arg>
<doc>Opens a new browser instance to the optional ``url``.</doc>
<msg timestamp="20230521 19:38:20.150" level="INFO">Opening browser 'chrome' to base url 'about:blank'.</msg>
<status status="PASS" starttime="20230521 19:38:20.150" endtime="20230521 19:38:21.553"/>
</kw>
<kw name="Go To" library="SeleniumLibrary">
<arg>${URL}</arg>
<doc>Navigates the current browser window to the provided ``url``.</doc>
<msg timestamp="20230521 19:38:21.554" level="INFO">Opening url 'https://abhigyank.github.io/To-Do-List/'</msg>
<status status="PASS" starttime="20230521 19:38:21.554" endtime="20230521 19:38:23.882"/>
</kw>
<kw name="Maximize Browser Window" library="SeleniumLibrary">
<doc>Maximizes current browser window.</doc>
<status status="PASS" starttime="20230521 19:38:23.882" endtime="20230521 19:38:24.013"/>
</kw>
<status status="PASS" starttime="20230521 19:38:20.150" endtime="20230521 19:38:24.013"/>
</kw>
<kw name="Home page should be load element" library="HomePage">
<kw name="Wait Until Page Contains" library="SeleniumLibrary">
<arg>To Do List</arg>
<doc>Waits until ``text`` appears on the current page.</doc>
<status status="PASS" starttime="20230521 19:38:24.013" endtime="20230521 19:38:24.031"/>
</kw>
<kw name="Wait Until Page Contains Element" library="SeleniumLibrary">
<arg>${ADD_ITEM_TAB}</arg>
<doc>Waits until the element ``locator`` appears on the current page.</doc>
<status status="PASS" starttime="20230521 19:38:24.031" endtime="20230521 19:38:24.046"/>
</kw>
<kw name="Wait Until Page Contains Element" library="SeleniumLibrary">
<arg>${TO_DO_TASKS_TAB}</arg>
<doc>Waits until the element ``locator`` appears on the current page.</doc>
<status status="PASS" starttime="20230521 19:38:24.046" endtime="20230521 19:38:24.061"/>
</kw>
<kw name="Wait Until Page Contains Element" library="SeleniumLibrary">
<arg>${COMPLETED_TAB}</arg>
<doc>Waits until the element ``locator`` appears on the current page.</doc>
<status status="PASS" starttime="20230521 19:38:24.062" endtime="20230521 19:38:24.081"/>
</kw>
<kw name="Wait Until Page Contains Element" library="SeleniumLibrary">
<arg>${INPUT_TEXT_FIELD}</arg>
<doc>Waits until the element ``locator`` appears on the current page.</doc>
<status status="PASS" starttime="20230521 19:38:24.081" endtime="20230521 19:38:24.101"/>
</kw>
<kw name="Wait Until Page Contains Element" library="SeleniumLibrary">
<arg>${ADD_BUTTON}</arg>
<doc>Waits until the element ``locator`` appears on the current page.</doc>
<status status="PASS" starttime="20230521 19:38:24.101" endtime="20230521 19:38:24.116"/>
</kw>
<status status="PASS" starttime="20230521 19:38:24.013" endtime="20230521 19:38:24.117"/>
</kw>
<kw name="User fill data and click add button">
<arg>+_)$$กินข้าว</arg>
<kw name="Fill data into textfield" library="AddItems">
<arg>${DATA}</arg>
<kw name="Input Text" library="SeleniumLibrary">
<arg>${INPUT_TEXT_FIELD}</arg>
<arg>${DATA}</arg>
<doc>Types the given ``text`` into the text field identified by ``locator``.</doc>
<msg timestamp="20230521 19:38:24.159" level="INFO">Typing text '+_)$$กินข้าว' into text field 'xpath: //input[@id='new-task']'.</msg>
<status status="PASS" starttime="20230521 19:38:24.159" endtime="20230521 19:38:24.299"/>
</kw>
<status status="PASS" starttime="20230521 19:38:24.159" endtime="20230521 19:38:24.299"/>
</kw>
<kw name="Click add button" library="AddItems">
<kw name="Click Element" library="SeleniumLibrary">
<arg>${ADD_BUTTON}</arg>
<doc>Click the element identified by ``locator``.</doc>
<msg timestamp="20230521 19:38:24.299" level="INFO">Clicking element 'xpath: //button[@class='mdl-button mdl-js-button mdl-button--fab mdl-button--mini-fab mdl-button--colored']'.</msg>
<status status="PASS" starttime="20230521 19:38:24.299" endtime="20230521 19:38:24.351"/>
</kw>
<status status="PASS" starttime="20230521 19:38:24.299" endtime="20230521 19:38:24.351"/>
</kw>
<status status="PASS" starttime="20230521 19:38:24.117" endtime="20230521 19:38:24.351"/>
</kw>
<kw name="Click tab to do tasks" library="ToDoTasks">
<kw name="Click Element" library="SeleniumLibrary">
<arg>${TO_DO_TASKS_TAB}</arg>
<doc>Click the element identified by ``locator``.</doc>
<msg timestamp="20230521 19:38:24.351" level="INFO">Clicking element 'xpath: //a[normalize-space()='To-Do Tasks']'.</msg>
<status status="PASS" starttime="20230521 19:38:24.351" endtime="20230521 19:38:24.409"/>
</kw>
<status status="PASS" starttime="20230521 19:38:24.351" endtime="20230521 19:38:24.409"/>
</kw>
<kw name="List items display" library="Items">
<arg>+_)$$กินข้าว</arg>
<kw name="Page Should Contain" library="SeleniumLibrary">
<arg>${DATA}</arg>
<doc>Verifies that current page contains ``text``.</doc>
<msg timestamp="20230521 19:38:24.433" level="INFO">Current page contains text '+_)$$กินข้าว'.</msg>
<status status="PASS" starttime="20230521 19:38:24.410" endtime="20230521 19:38:24.433"/>
</kw>
<status status="PASS" starttime="20230521 19:38:24.409" endtime="20230521 19:38:24.433"/>
</kw>
<kw name="Finish TestCase" library="Common" type="TEARDOWN">
<kw name="Close Browser" library="SeleniumLibrary">
<doc>Closes the current browser.</doc>
<status status="PASS" starttime="20230521 19:38:24.434" endtime="20230521 19:38:26.664"/>
</kw>
<status status="PASS" starttime="20230521 19:38:24.433" endtime="20230521 19:38:26.664"/>
</kw>
<status status="PASS" starttime="20230521 19:38:20.150" endtime="20230521 19:38:26.664"/>
</test>
<test id="s1-t9" name="Verify user fill data with thai language only and click add button" line="84">
<kw name="Strat TestCase" library="Common" type="SETUP">
<kw name="Open Browser" library="SeleniumLibrary">
<arg>about:blank</arg>
<arg>${BROWSER}</arg>
<doc>Opens a new browser instance to the optional ``url``.</doc>
<msg timestamp="20230521 19:38:26.664" level="INFO">Opening browser 'chrome' to base url 'about:blank'.</msg>
<status status="PASS" starttime="20230521 19:38:26.664" endtime="20230521 19:38:27.986"/>
</kw>
<kw name="Go To" library="SeleniumLibrary">
<arg>${URL}</arg>
<doc>Navigates the current browser window to the provided ``url``.</doc>
<msg timestamp="20230521 19:38:27.986" level="INFO">Opening url 'https://abhigyank.github.io/To-Do-List/'</msg>
<status status="PASS" starttime="20230521 19:38:27.986" endtime="20230521 19:38:30.513"/>
</kw>
<kw name="Maximize Browser Window" library="SeleniumLibrary">
<doc>Maximizes current browser window.</doc>
<status status="PASS" starttime="20230521 19:38:30.513" endtime="20230521 19:38:30.648"/>
</kw>
<status status="PASS" starttime="20230521 19:38:26.664" endtime="20230521 19:38:30.648"/>
</kw>
<kw name="Home page should be load element" library="HomePage">
<kw name="Wait Until Page Contains" library="SeleniumLibrary">
<arg>To Do List</arg>
<doc>Waits until ``text`` appears on the current page.</doc>
<status status="PASS" starttime="20230521 19:38:30.649" endtime="20230521 19:38:30.667"/>
</kw>
<kw name="Wait Until Page Contains Element" library="SeleniumLibrary">
<arg>${ADD_ITEM_TAB}</arg>
<doc>Waits until the element ``locator`` appears on the current page.</doc>
<status status="PASS" starttime="20230521 19:38:30.667" endtime="20230521 19:38:30.678"/>
</kw>
<kw name="Wait Until Page Contains Element" library="SeleniumLibrary">
<arg>${TO_DO_TASKS_TAB}</arg>
<doc>Waits until the element ``locator`` appears on the current page.</doc>
<status status="PASS" starttime="20230521 19:38:30.678" endtime="20230521 19:38:30.701"/>
</kw>
<kw name="Wait Until Page Contains Element" library="SeleniumLibrary">
<arg>${COMPLETED_TAB}</arg>
<doc>Waits until the element ``locator`` appears on the current page.</doc>
<status status="PASS" starttime="20230521 19:38:30.701" endtime="20230521 19:38:30.711"/>
</kw>
<kw name="Wait Until Page Contains Element" library="SeleniumLibrary">
<arg>${INPUT_TEXT_FIELD}</arg>
<doc>Waits until the element ``locator`` appears on the current page.</doc>
<status status="PASS" starttime="20230521 19:38:30.711" endtime="20230521 19:38:30.735"/>
</kw>
<kw name="Wait Until Page Contains Element" library="SeleniumLibrary">
<arg>${ADD_BUTTON}</arg>
<doc>Waits until the element ``locator`` appears on the current page.</doc>
<status status="PASS" starttime="20230521 19:38:30.735" endtime="20230521 19:38:30.748"/>
</kw>
<status status="PASS" starttime="20230521 19:38:30.649" endtime="20230521 19:38:30.748"/>
</kw>
<kw name="User fill data and click add button">
<arg>ตากผ้า</arg>
<kw name="Fill data into textfield" library="AddItems">
<arg>${DATA}</arg>
<kw name="Input Text" library="SeleniumLibrary">
<arg>${INPUT_TEXT_FIELD}</arg>
<arg>${DATA}</arg>
<doc>Types the given ``text`` into the text field identified by ``locator``.</doc>
<msg timestamp="20230521 19:38:30.750" level="INFO">Typing text 'ตากผ้า' into text field 'xpath: //input[@id='new-task']'.</msg>
<status status="PASS" starttime="20230521 19:38:30.749" endtime="20230521 19:38:30.866"/>
</kw>
<status status="PASS" starttime="20230521 19:38:30.749" endtime="20230521 19:38:30.866"/>
</kw>
<kw name="Click add button" library="AddItems">
<kw name="Click Element" library="SeleniumLibrary">
<arg>${ADD_BUTTON}</arg>
<doc>Click the element identified by ``locator``.</doc>
<msg timestamp="20230521 19:38:30.866" level="INFO">Clicking element 'xpath: //button[@class='mdl-button mdl-js-button mdl-button--fab mdl-button--mini-fab mdl-button--colored']'.</msg>
<status status="PASS" starttime="20230521 19:38:30.866" endtime="20230521 19:38:30.917"/>
</kw>
<status status="PASS" starttime="20230521 19:38:30.866" endtime="20230521 19:38:30.917"/>
</kw>
<status status="PASS" starttime="20230521 19:38:30.748" endtime="20230521 19:38:30.917"/>
</kw>
<kw name="Click tab to do tasks" library="ToDoTasks">
<kw name="Click Element" library="SeleniumLibrary">
<arg>${TO_DO_TASKS_TAB}</arg>
<doc>Click the element identified by ``locator``.</doc>
<msg timestamp="20230521 19:38:30.917" level="INFO">Clicking element 'xpath: //a[normalize-space()='To-Do Tasks']'.</msg>
<status status="PASS" starttime="20230521 19:38:30.917" endtime="20230521 19:38:30.974"/>
</kw>
<status status="PASS" starttime="20230521 19:38:30.917" endtime="20230521 19:38:30.975"/>
</kw>
<kw name="List items display" library="Items">
<arg>ตากผ้า</arg>
<kw name="Page Should Contain" library="SeleniumLibrary">
<arg>${DATA}</arg>
<doc>Verifies that current page contains ``text``.</doc>
<msg timestamp="20230521 19:38:30.996" level="INFO">Current page contains text 'ตากผ้า'.</msg>
<status status="PASS" starttime="20230521 19:38:30.976" endtime="20230521 19:38:30.996"/>
</kw>
<status status="PASS" starttime="20230521 19:38:30.975" endtime="20230521 19:38:30.997"/>
</kw>
<kw name="Finish TestCase" library="Common" type="TEARDOWN">
<kw name="Close Browser" library="SeleniumLibrary">
<doc>Closes the current browser.</doc>
<status status="PASS" starttime="20230521 19:38:30.998" endtime="20230521 19:38:33.208"/>
</kw>
<status status="PASS" starttime="20230521 19:38:30.997" endtime="20230521 19:38:33.208"/>
</kw>
<status status="PASS" starttime="20230521 19:38:26.664" endtime="20230521 19:38:33.208"/>
</test>
<test id="s1-t10" name="Verify user fill data with numberic combine thai language only and click add button" line="90">
<kw name="Strat TestCase" library="Common" type="SETUP">
<kw name="Open Browser" library="SeleniumLibrary">
<arg>about:blank</arg>
<arg>${BROWSER}</arg>
<doc>Opens a new browser instance to the optional ``url``.</doc>
<msg timestamp="20230521 19:38:33.208" level="INFO">Opening browser 'chrome' to base url 'about:blank'.</msg>
<status status="PASS" starttime="20230521 19:38:33.208" endtime="20230521 19:38:34.552"/>
</kw>
<kw name="Go To" library="SeleniumLibrary">
<arg>${URL}</arg>
<doc>Navigates the current browser window to the provided ``url``.</doc>
<msg timestamp="20230521 19:38:34.552" level="INFO">Opening url 'https://abhigyank.github.io/To-Do-List/'</msg>
<status status="PASS" starttime="20230521 19:38:34.552" endtime="20230521 19:38:37.169"/>
</kw>
<kw name="Maximize Browser Window" library="SeleniumLibrary">
<doc>Maximizes current browser window.</doc>
<status status="PASS" starttime="20230521 19:38:37.169" endtime="20230521 19:38:37.310"/>
</kw>
<status status="PASS" starttime="20230521 19:38:33.208" endtime="20230521 19:38:37.310"/>
</kw>
<kw name="Home page should be load element" library="HomePage">
<kw name="Wait Until Page Contains" library="SeleniumLibrary">
<arg>To Do List</arg>
<doc>Waits until ``text`` appears on the current page.</doc>
<status status="PASS" starttime="20230521 19:38:37.310" endtime="20230521 19:38:37.329"/>
</kw>
<kw name="Wait Until Page Contains Element" library="SeleniumLibrary">
<arg>${ADD_ITEM_TAB}</arg>
<doc>Waits until the element ``locator`` appears on the current page.</doc>
<status status="PASS" starttime="20230521 19:38:37.329" endtime="20230521 19:38:37.346"/>
</kw>
<kw name="Wait Until Page Contains Element" library="SeleniumLibrary">
<arg>${TO_DO_TASKS_TAB}</arg>
<doc>Waits until the element ``locator`` appears on the current page.</doc>
<status status="PASS" starttime="20230521 19:38:37.346" endtime="20230521 19:38:37.362"/>
</kw>
<kw name="Wait Until Page Contains Element" library="SeleniumLibrary">
<arg>${COMPLETED_TAB}</arg>
<doc>Waits until the element ``locator`` appears on the current page.</doc>
<status status="PASS" starttime="20230521 19:38:37.362" endtime="20230521 19:38:37.378"/>
</kw>
<kw name="Wait Until Page Contains Element" library="SeleniumLibrary">
<arg>${INPUT_TEXT_FIELD}</arg>
<doc>Waits until the element ``locator`` appears on the current page.</doc>
<status status="PASS" starttime="20230521 19:38:37.378" endtime="20230521 19:38:37.392"/>
</kw>
<kw name="Wait Until Page Contains Element" library="SeleniumLibrary">
<arg>${ADD_BUTTON}</arg>
<doc>Waits until the element ``locator`` appears on the current page.</doc>
<status status="PASS" starttime="20230521 19:38:37.392" endtime="20230521 19:38:37.406"/>
</kw>
<status status="PASS" starttime="20230521 19:38:37.310" endtime="20230521 19:38:37.406"/>
</kw>
<kw name="User fill data and click add button">
<arg>ตากผ้า1236</arg>
<kw name="Fill data into textfield" library="AddItems">
<arg>${DATA}</arg>
<kw name="Input Text" library="SeleniumLibrary">
<arg>${INPUT_TEXT_FIELD}</arg>
<arg>${DATA}</arg>
<doc>Types the given ``text`` into the text field identified by ``locator``.</doc>
<msg timestamp="20230521 19:38:37.409" level="INFO">Typing text 'ตากผ้า1236' into text field 'xpath: //input[@id='new-task']'.</msg>
<status status="PASS" starttime="20230521 19:38:37.408" endtime="20230521 19:38:37.535"/>
</kw>
<status status="PASS" starttime="20230521 19:38:37.407" endtime="20230521 19:38:37.535"/>
</kw>
<kw name="Click add button" library="AddItems">
<kw name="Click Element" library="SeleniumLibrary">
<arg>${ADD_BUTTON}</arg>
<doc>Click the element identified by ``locator``.</doc>
<msg timestamp="20230521 19:38:37.535" level="INFO">Clicking element 'xpath: //button[@class='mdl-button mdl-js-button mdl-button--fab mdl-button--mini-fab mdl-button--colored']'.</msg>
<status status="PASS" starttime="20230521 19:38:37.535" endtime="20230521 19:38:37.588"/>
</kw>
<status status="PASS" starttime="20230521 19:38:37.535" endtime="20230521 19:38:37.588"/>
</kw>
<status status="PASS" starttime="20230521 19:38:37.407" endtime="20230521 19:38:37.588"/>
</kw>
<kw name="Click tab to do tasks" library="ToDoTasks">
<kw name="Click Element" library="SeleniumLibrary">
<arg>${TO_DO_TASKS_TAB}</arg>
<doc>Click the element identified by ``locator``.</doc>
<msg timestamp="20230521 19:38:37.591" level="INFO">Clicking element 'xpath: //a[normalize-space()='To-Do Tasks']'.</msg>
<status status="PASS" starttime="20230521 19:38:37.591" endtime="20230521 19:38:37.646"/>
</kw>
<status status="PASS" starttime="20230521 19:38:37.588" endtime="20230521 19:38:37.647"/>
</kw>
<kw name="List items display" library="Items">
<arg>ตากผ้า1236</arg>
<kw name="Page Should Contain" library="SeleniumLibrary">
<arg>${DATA}</arg>
<doc>Verifies that current page contains ``text``.</doc>
<msg timestamp="20230521 19:38:37.670" level="INFO">Current page contains text 'ตากผ้า1236'.</msg>
<status status="PASS" starttime="20230521 19:38:37.648" endtime="20230521 19:38:37.670"/>
</kw>
<status status="PASS" starttime="20230521 19:38:37.647" endtime="20230521 19:38:37.670"/>
</kw>
<kw name="Finish TestCase" library="Common" type="TEARDOWN">
<kw name="Close Browser" library="SeleniumLibrary">
<doc>Closes the current browser.</doc>
<status status="PASS" starttime="20230521 19:38:37.671" endtime="20230521 19:38:39.905"/>
</kw>
<status status="PASS" starttime="20230521 19:38:37.670" endtime="20230521 19:38:39.905"/>
</kw>
<status status="PASS" starttime="20230521 19:38:33.208" endtime="20230521 19:38:39.905"/>
</test>
<test id="s1-t11" name="Verify user fill data with english language combine thai language only and click add button" line="96">
<kw name="Strat TestCase" library="Common" type="SETUP">
<kw name="Open Browser" library="SeleniumLibrary">
<arg>about:blank</arg>
<arg>${BROWSER}</arg>
<doc>Opens a new browser instance to the optional ``url``.</doc>
<msg timestamp="20230521 19:38:39.905" level="INFO">Opening browser 'chrome' to base url 'about:blank'.</msg>
<status status="PASS" starttime="20230521 19:38:39.905" endtime="20230521 19:38:41.406"/>
</kw>
<kw name="Go To" library="SeleniumLibrary">
<arg>${URL}</arg>
<doc>Navigates the current browser window to the provided ``url``.</doc>
<msg timestamp="20230521 19:38:41.407" level="INFO">Opening url 'https://abhigyank.github.io/To-Do-List/'</msg>
<status status="PASS" starttime="20230521 19:38:41.407" endtime="20230521 19:38:43.833"/>
</kw>
<kw name="Maximize Browser Window" library="SeleniumLibrary">
<doc>Maximizes current browser window.</doc>
<status status="PASS" starttime="20230521 19:38:43.833" endtime="20230521 19:38:43.958"/>
</kw>
<status status="PASS" starttime="20230521 19:38:39.905" endtime="20230521 19:38:43.958"/>
</kw>
<kw name="Home page should be load element" library="HomePage">
<kw name="Wait Until Page Contains" library="SeleniumLibrary">
<arg>To Do List</arg>
<doc>Waits until ``text`` appears on the current page.</doc>
<status status="PASS" starttime="20230521 19:38:43.958" endtime="20230521 19:38:43.978"/>
</kw>
<kw name="Wait Until Page Contains Element" library="SeleniumLibrary">
<arg>${ADD_ITEM_TAB}</arg>
<doc>Waits until the element ``locator`` appears on the current page.</doc>
<status status="PASS" starttime="20230521 19:38:43.978" endtime="20230521 19:38:43.993"/>
</kw>
<kw name="Wait Until Page Contains Element" library="SeleniumLibrary">
<arg>${TO_DO_TASKS_TAB}</arg>
<doc>Waits until the element ``locator`` appears on the current page.</doc>
<status status="PASS" starttime="20230521 19:38:43.993" endtime="20230521 19:38:44.007"/>
</kw>
<kw name="Wait Until Page Contains Element" library="SeleniumLibrary">
<arg>${COMPLETED_TAB}</arg>
<doc>Waits until the element ``locator`` appears on the current page.</doc>
<status status="PASS" starttime="20230521 19:38:44.008" endtime="20230521 19:38:44.008"/>
</kw>
<kw name="Wait Until Page Contains Element" library="SeleniumLibrary">
<arg>${INPUT_TEXT_FIELD}</arg>
<doc>Waits until the element ``locator`` appears on the current page.</doc>
<status status="PASS" starttime="20230521 19:38:44.008" endtime="20230521 19:38:44.024"/>
</kw>
<kw name="Wait Until Page Contains Element" library="SeleniumLibrary">
<arg>${ADD_BUTTON}</arg>
<doc>Waits until the element ``locator`` appears on the current page.</doc>
<status status="PASS" starttime="20230521 19:38:44.024" endtime="20230521 19:38:44.042"/>
</kw>
<status status="PASS" starttime="20230521 19:38:43.958" endtime="20230521 19:38:44.042"/>
</kw>
<kw name="User fill data and click add button">
<arg>ตากผ้าabc</arg>
<kw name="Fill data into textfield" library="AddItems">
<arg>${DATA}</arg>
<kw name="Input Text" library="SeleniumLibrary">
<arg>${INPUT_TEXT_FIELD}</arg>
<arg>${DATA}</arg>
<doc>Types the given ``text`` into the text field identified by ``locator``.</doc>
<msg timestamp="20230521 19:38:44.042" level="INFO">Typing text 'ตากผ้าabc' into text field 'xpath: //input[@id='new-task']'.</msg>
<status status="PASS" starttime="20230521 19:38:44.042" endtime="20230521 19:38:44.177"/>
</kw>
<status status="PASS" starttime="20230521 19:38:44.042" endtime="20230521 19:38:44.177"/>
</kw>
<kw name="Click add button" library="AddItems">
<kw name="Click Element" library="SeleniumLibrary">
<arg>${ADD_BUTTON}</arg>
<doc>Click the element identified by ``locator``.</doc>
<msg timestamp="20230521 19:38:44.177" level="INFO">Clicking element 'xpath: //button[@class='mdl-button mdl-js-button mdl-button--fab mdl-button--mini-fab mdl-button--colored']'.</msg>
<status status="PASS" starttime="20230521 19:38:44.177" endtime="20230521 19:38:44.232"/>
</kw>
<status status="PASS" starttime="20230521 19:38:44.177" endtime="20230521 19:38:44.232"/>
</kw>
<status status="PASS" starttime="20230521 19:38:44.042" endtime="20230521 19:38:44.232"/>
</kw>
<kw name="Click tab to do tasks" library="ToDoTasks">
<kw name="Click Element" library="SeleniumLibrary">
<arg>${TO_DO_TASKS_TAB}</arg>
<doc>Click the element identified by ``locator``.</doc>
<msg timestamp="20230521 19:38:44.232" level="INFO">Clicking element 'xpath: //a[normalize-space()='To-Do Tasks']'.</msg>
<status status="PASS" starttime="20230521 19:38:44.232" endtime="20230521 19:38:44.288"/>
</kw>
<status status="PASS" starttime="20230521 19:38:44.232" endtime="20230521 19:38:44.288"/>
</kw>
<kw name="List items display" library="Items">
<arg>ตากผ้าabc</arg>
<kw name="Page Should Contain" library="SeleniumLibrary">
<arg>${DATA}</arg>
<doc>Verifies that current page contains ``text``.</doc>
<msg timestamp="20230521 19:38:44.312" level="INFO">Current page contains text 'ตากผ้าabc'.</msg>
<status status="PASS" starttime="20230521 19:38:44.290" endtime="20230521 19:38:44.312"/>
</kw>
<status status="PASS" starttime="20230521 19:38:44.289" endtime="20230521 19:38:44.312"/>
</kw>
<kw name="Finish TestCase" library="Common" type="TEARDOWN">
<kw name="Close Browser" library="SeleniumLibrary">
<doc>Closes the current browser.</doc>
<status status="PASS" starttime="20230521 19:38:44.313" endtime="20230521 19:38:46.522"/>
</kw>
<status status="PASS" starttime="20230521 19:38:44.313" endtime="20230521 19:38:46.522"/>
</kw>
<status status="PASS" starttime="20230521 19:38:39.905" endtime="20230521 19:38:46.522"/>
</test>
<test id="s1-t12" name="Verify user add multiple item" line="102">
<kw name="Strat TestCase" library="Common" type="SETUP">
<kw name="Open Browser" library="SeleniumLibrary">
<arg>about:blank</arg>
<arg>${BROWSER}</arg>
<doc>Opens a new browser instance to the optional ``url``.</doc>
<msg timestamp="20230521 19:38:46.522" level="INFO">Opening browser 'chrome' to base url 'about:blank'.</msg>
<status status="PASS" starttime="20230521 19:38:46.522" endtime="20230521 19:38:48.025"/>
</kw>
<kw name="Go To" library="SeleniumLibrary">
<arg>${URL}</arg>
<doc>Navigates the current browser window to the provided ``url``.</doc>
<msg timestamp="20230521 19:38:48.026" level="INFO">Opening url 'https://abhigyank.github.io/To-Do-List/'</msg>
<status status="PASS" starttime="20230521 19:38:48.026" endtime="20230521 19:38:51.947"/>
</kw>
<kw name="Maximize Browser Window" library="SeleniumLibrary">
<doc>Maximizes current browser window.</doc>
<status status="PASS" starttime="20230521 19:38:51.947" endtime="20230521 19:38:52.073"/>
</kw>
<status status="PASS" starttime="20230521 19:38:46.522" endtime="20230521 19:38:52.073"/>
</kw>
<kw name="Home page should be load element" library="HomePage">
<kw name="Wait Until Page Contains" library="SeleniumLibrary">
<arg>To Do List</arg>
<doc>Waits until ``text`` appears on the current page.</doc>
<status status="PASS" starttime="20230521 19:38:52.073" endtime="20230521 19:38:52.090"/>
</kw>
<kw name="Wait Until Page Contains Element" library="SeleniumLibrary">
<arg>${ADD_ITEM_TAB}</arg>
<doc>Waits until the element ``locator`` appears on the current page.</doc>
<status status="PASS" starttime="20230521 19:38:52.090" endtime="20230521 19:38:52.104"/>
</kw>
<kw name="Wait Until Page Contains Element" library="SeleniumLibrary">
<arg>${TO_DO_TASKS_TAB}</arg>
<doc>Waits until the element ``locator`` appears on the current page.</doc>
<status status="PASS" starttime="20230521 19:38:52.104" endtime="20230521 19:38:52.106"/>
</kw>
<kw name="Wait Until Page Contains Element" library="SeleniumLibrary">
<arg>${COMPLETED_TAB}</arg>
<doc>Waits until the element ``locator`` appears on the current page.</doc>
<status status="PASS" starttime="20230521 19:38:52.106" endtime="20230521 19:38:52.124"/>
</kw>
<kw name="Wait Until Page Contains Element" library="SeleniumLibrary">
<arg>${INPUT_TEXT_FIELD}</arg>
<doc>Waits until the element ``locator`` appears on the current page.</doc>
<status status="PASS" starttime="20230521 19:38:52.124" endtime="20230521 19:38:52.139"/>
</kw>
<kw name="Wait Until Page Contains Element" library="SeleniumLibrary">
<arg>${ADD_BUTTON}</arg>
<doc>Waits until the element ``locator`` appears on the current page.</doc>
<status status="PASS" starttime="20230521 19:38:52.139" endtime="20230521 19:38:52.156"/>
</kw>
<status status="PASS" starttime="20230521 19:38:52.073" endtime="20230521 19:38:52.156"/>
</kw>
<kw name="User fill data and click add button">
<arg>test1</arg>
<kw name="Fill data into textfield" library="AddItems">
<arg>${DATA}</arg>
<kw name="Input Text" library="SeleniumLibrary">
<arg>${INPUT_TEXT_FIELD}</arg>
<arg>${DATA}</arg>
<doc>Types the given ``text`` into the text field identified by ``locator``.</doc>
<msg timestamp="20230521 19:38:52.170" level="INFO">Typing text 'test1' into text field 'xpath: //input[@id='new-task']'.</msg>
<status status="PASS" starttime="20230521 19:38:52.156" endtime="20230521 19:38:52.293"/>
</kw>
<status status="PASS" starttime="20230521 19:38:52.156" endtime="20230521 19:38:52.293"/>
</kw>
<kw name="Click add button" library="AddItems">
<kw name="Click Element" library="SeleniumLibrary">
<arg>${ADD_BUTTON}</arg>
<doc>Click the element identified by ``locator``.</doc>
<msg timestamp="20230521 19:38:52.293" level="INFO">Clicking element 'xpath: //button[@class='mdl-button mdl-js-button mdl-button--fab mdl-button--mini-fab mdl-button--colored']'.</msg>
<status status="PASS" starttime="20230521 19:38:52.293" endtime="20230521 19:38:52.337"/>
</kw>
<status status="PASS" starttime="20230521 19:38:52.293" endtime="20230521 19:38:52.337"/>
</kw>
<status status="PASS" starttime="20230521 19:38:52.156" endtime="20230521 19:38:52.337"/>
</kw>
<kw name="User fill data and click add button">
<arg>test2</arg>
<kw name="Fill data into textfield" library="AddItems">
<arg>${DATA}</arg>
<kw name="Input Text" library="SeleniumLibrary">
<arg>${INPUT_TEXT_FIELD}</arg>
<arg>${DATA}</arg>
<doc>Types the given ``text`` into the text field identified by ``locator``.</doc>
<msg timestamp="20230521 19:38:52.337" level="INFO">Typing text 'test2' into text field 'xpath: //input[@id='new-task']'.</msg>
<status status="PASS" starttime="20230521 19:38:52.337" endtime="20230521 19:38:52.439"/>
</kw>
<status status="PASS" starttime="20230521 19:38:52.337" endtime="20230521 19:38:52.439"/>
</kw>
<kw name="Click add button" library="AddItems">
<kw name="Click Element" library="SeleniumLibrary">
<arg>${ADD_BUTTON}</arg>
<doc>Click the element identified by ``locator``.</doc>
<msg timestamp="20230521 19:38:52.439" level="INFO">Clicking element 'xpath: //button[@class='mdl-button mdl-js-button mdl-button--fab mdl-button--mini-fab mdl-button--colored']'.</msg>
<status status="PASS" starttime="20230521 19:38:52.439" endtime="20230521 19:38:52.485"/>
</kw>
<status status="PASS" starttime="20230521 19:38:52.439" endtime="20230521 19:38:52.485"/>
</kw>
<status status="PASS" starttime="20230521 19:38:52.337" endtime="20230521 19:38:52.485"/>
</kw>
<kw name="User fill data and click add button">
<arg>test3</arg>
<kw name="Fill data into textfield" library="AddItems">
<arg>${DATA}</arg>
<kw name="Input Text" library="SeleniumLibrary">
<arg>${INPUT_TEXT_FIELD}</arg>
<arg>${DATA}</arg>
<doc>Types the given ``text`` into the text field identified by ``locator``.</doc>
<msg timestamp="20230521 19:38:52.487" level="INFO">Typing text 'test3' into text field 'xpath: //input[@id='new-task']'.</msg>
<status status="PASS" starttime="20230521 19:38:52.486" endtime="20230521 19:38:52.581"/>
</kw>
<status status="PASS" starttime="20230521 19:38:52.486" endtime="20230521 19:38:52.581"/>
</kw>
<kw name="Click add button" library="AddItems">
<kw name="Click Element" library="SeleniumLibrary">
<arg>${ADD_BUTTON}</arg>
<doc>Click the element identified by ``locator``.</doc>
<msg timestamp="20230521 19:38:52.581" level="INFO">Clicking element 'xpath: //button[@class='mdl-button mdl-js-button mdl-button--fab mdl-button--mini-fab mdl-button--colored']'.</msg>
<status status="PASS" starttime="20230521 19:38:52.581" endtime="20230521 19:38:52.625"/>
</kw>
<status status="PASS" starttime="20230521 19:38:52.581" endtime="20230521 19:38:52.625"/>
</kw>
<status status="PASS" starttime="20230521 19:38:52.486" endtime="20230521 19:38:52.625"/>
</kw>
<kw name="Click tab to do tasks" library="ToDoTasks">
<kw name="Click Element" library="SeleniumLibrary">
<arg>${TO_DO_TASKS_TAB}</arg>
<doc>Click the element identified by ``locator``.</doc>
<msg timestamp="20230521 19:38:52.626" level="INFO">Clicking element 'xpath: //a[normalize-space()='To-Do Tasks']'.</msg>
<status status="PASS" starttime="20230521 19:38:52.626" endtime="20230521 19:38:52.684"/>
</kw>
<status status="PASS" starttime="20230521 19:38:52.626" endtime="20230521 19:38:52.684"/>
</kw>
<kw name="Finish TestCase" library="Common" type="TEARDOWN">
<kw name="Close Browser" library="SeleniumLibrary">
<doc>Closes the current browser.</doc>
<status status="PASS" starttime="20230521 19:38:52.685" endtime="20230521 19:38:54.886"/>
</kw>
<status status="PASS" starttime="20230521 19:38:52.685" endtime="20230521 19:38:54.886"/>
</kw>
<status status="PASS" starttime="20230521 19:38:46.522" endtime="20230521 19:38:54.886"/>
</test>
<test id="s1-t13" name="Verify the item shows the correct text as the item was added" line="109">
<kw name="Strat TestCase" library="Common" type="SETUP">
<kw name="Open Browser" library="SeleniumLibrary">
<arg>about:blank</arg>
<arg>${BROWSER}</arg>
<doc>Opens a new browser instance to the optional ``url``.</doc>
<msg timestamp="20230521 19:38:54.886" level="INFO">Opening browser 'chrome' to base url 'about:blank'.</msg>
<status status="PASS" starttime="20230521 19:38:54.886" endtime="20230521 19:38:56.374"/>
</kw>
<kw name="Go To" library="SeleniumLibrary">
<arg>${URL}</arg>
<doc>Navigates the current browser window to the provided ``url``.</doc>
<msg timestamp="20230521 19:38:56.375" level="INFO">Opening url 'https://abhigyank.github.io/To-Do-List/'</msg>
<status status="PASS" starttime="20230521 19:38:56.375" endtime="20230521 19:38:59.448"/>
</kw>
<kw name="Maximize Browser Window" library="SeleniumLibrary">
<doc>Maximizes current browser window.</doc>
<status status="PASS" starttime="20230521 19:38:59.448" endtime="20230521 19:38:59.572"/>
</kw>
<status status="PASS" starttime="20230521 19:38:54.886" endtime="20230521 19:38:59.572"/>
</kw>
<kw name="Home page should be load element" library="HomePage">
<kw name="Wait Until Page Contains" library="SeleniumLibrary">
<arg>To Do List</arg>
<doc>Waits until ``text`` appears on the current page.</doc>
<status status="PASS" starttime="20230521 19:38:59.572" endtime="20230521 19:38:59.588"/>
</kw>
<kw name="Wait Until Page Contains Element" library="SeleniumLibrary">
<arg>${ADD_ITEM_TAB}</arg>
<doc>Waits until the element ``locator`` appears on the current page.</doc>
<status status="PASS" starttime="20230521 19:38:59.588" endtime="20230521 19:38:59.604"/>
</kw>
<kw name="Wait Until Page Contains Element" library="SeleniumLibrary">
<arg>${TO_DO_TASKS_TAB}</arg>
<doc>Waits until the element ``locator`` appears on the current page.</doc>
<status status="PASS" starttime="20230521 19:38:59.604" endtime="20230521 19:38:59.621"/>
</kw>
<kw name="Wait Until Page Contains Element" library="SeleniumLibrary">
<arg>${COMPLETED_TAB}</arg>
<doc>Waits until the element ``locator`` appears on the current page.</doc>
<status status="PASS" starttime="20230521 19:38:59.621" endtime="20230521 19:38:59.642"/>
</kw>
<kw name="Wait Until Page Contains Element" library="SeleniumLibrary">
<arg>${INPUT_TEXT_FIELD}</arg>
<doc>Waits until the element ``locator`` appears on the current page.</doc>
<status status="PASS" starttime="20230521 19:38:59.642" endtime="20230521 19:38:59.657"/>
</kw>
<kw name="Wait Until Page Contains Element" library="SeleniumLibrary">
<arg>${ADD_BUTTON}</arg>
<doc>Waits until the element ``locator`` appears on the current page.</doc>
<status status="PASS" starttime="20230521 19:38:59.657" endtime="20230521 19:38:59.670"/>
</kw>
<status status="PASS" starttime="20230521 19:38:59.572" endtime="20230521 19:38:59.670"/>
</kw>
<kw name="User fill data and click add button">
<arg>test1</arg>
<kw name="Fill data into textfield" library="AddItems">
<arg>${DATA}</arg>
<kw name="Input Text" library="SeleniumLibrary">
<arg>${INPUT_TEXT_FIELD}</arg>
<arg>${DATA}</arg>
<doc>Types the given ``text`` into the text field identified by ``locator``.</doc>
<msg timestamp="20230521 19:38:59.672" level="INFO">Typing text 'test1' into text field 'xpath: //input[@id='new-task']'.</msg>
<status status="PASS" starttime="20230521 19:38:59.672" endtime="20230521 19:38:59.792"/>
</kw>
<status status="PASS" starttime="20230521 19:38:59.671" endtime="20230521 19:38:59.792"/>
</kw>
<kw name="Click add button" library="AddItems">
<kw name="Click Element" library="SeleniumLibrary">
<arg>${ADD_BUTTON}</arg>
<doc>Click the element identified by ``locator``.</doc>
<msg timestamp="20230521 19:38:59.792" level="INFO">Clicking element 'xpath: //button[@class='mdl-button mdl-js-button mdl-button--fab mdl-button--mini-fab mdl-button--colored']'.</msg>
<status status="PASS" starttime="20230521 19:38:59.792" endtime="20230521 19:38:59.836"/>
</kw>
<status status="PASS" starttime="20230521 19:38:59.792" endtime="20230521 19:38:59.836"/>
</kw>
<status status="PASS" starttime="20230521 19:38:59.671" endtime="20230521 19:38:59.836"/>
</kw>
<kw name="User fill data and click add button">
<arg>test2</arg>
<kw name="Fill data into textfield" library="AddItems">
<arg>${DATA}</arg>
<kw name="Input Text" library="SeleniumLibrary">
<arg>${INPUT_TEXT_FIELD}</arg>
<arg>${DATA}</arg>
<doc>Types the given ``text`` into the text field identified by ``locator``.</doc>
<msg timestamp="20230521 19:38:59.836" level="INFO">Typing text 'test2' into text field 'xpath: //input[@id='new-task']'.</msg>
<status status="PASS" starttime="20230521 19:38:59.836" endtime="20230521 19:38:59.940"/>
</kw>
<status status="PASS" starttime="20230521 19:38:59.836" endtime="20230521 19:38:59.940"/>
</kw>
<kw name="Click add button" library="AddItems">
<kw name="Click Element" library="SeleniumLibrary">
<arg>${ADD_BUTTON}</arg>
<doc>Click the element identified by ``locator``.</doc>
<msg timestamp="20230521 19:38:59.940" level="INFO">Clicking element 'xpath: //button[@class='mdl-button mdl-js-button mdl-button--fab mdl-button--mini-fab mdl-button--colored']'.</msg>
<status status="PASS" starttime="20230521 19:38:59.940" endtime="20230521 19:38:59.980"/>
</kw>
<status status="PASS" starttime="20230521 19:38:59.940" endtime="20230521 19:38:59.980"/>
</kw>
<status status="PASS" starttime="20230521 19:38:59.836" endtime="20230521 19:38:59.980"/>
</kw>
<kw name="User fill data and click add button">
<arg>test3</arg>
<kw name="Fill data into textfield" library="AddItems">
<arg>${DATA}</arg>
<kw name="Input Text" library="SeleniumLibrary">
<arg>${INPUT_TEXT_FIELD}</arg>
<arg>${DATA}</arg>
<doc>Types the given ``text`` into the text field identified by ``locator``.</doc>
<msg timestamp="20230521 19:38:59.982" level="INFO">Typing text 'test3' into text field 'xpath: //input[@id='new-task']'.</msg>
<status status="PASS" starttime="20230521 19:38:59.981" endtime="20230521 19:39:00.062"/>
</kw>
<status status="PASS" starttime="20230521 19:38:59.981" endtime="20230521 19:39:00.062"/>
</kw>
<kw name="Click add button" library="AddItems">
<kw name="Click Element" library="SeleniumLibrary">
<arg>${ADD_BUTTON}</arg>
<doc>Click the element identified by ``locator``.</doc>
<msg timestamp="20230521 19:39:00.062" level="INFO">Clicking element 'xpath: //button[@class='mdl-button mdl-js-button mdl-button--fab mdl-button--mini-fab mdl-button--colored']'.</msg>
<status status="PASS" starttime="20230521 19:39:00.062" endtime="20230521 19:39:00.101"/>
</kw>
<status status="PASS" starttime="20230521 19:39:00.062" endtime="20230521 19:39:00.101"/>
</kw>
<status status="PASS" starttime="20230521 19:38:59.981" endtime="20230521 19:39:00.101"/>
</kw>
<kw name="Click tab to do tasks" library="ToDoTasks">
<kw name="Click Element" library="SeleniumLibrary">
<arg>${TO_DO_TASKS_TAB}</arg>
<doc>Click the element identified by ``locator``.</doc>
<msg timestamp="20230521 19:39:00.101" level="INFO">Clicking element 'xpath: //a[normalize-space()='To-Do Tasks']'.</msg>
<status status="PASS" starttime="20230521 19:39:00.101" endtime="20230521 19:39:00.164"/>
</kw>
<status status="PASS" starttime="20230521 19:39:00.101" endtime="20230521 19:39:00.165"/>
</kw>
<kw name="List items display" library="Items">
<arg>test1</arg>
<kw name="Page Should Contain" library="SeleniumLibrary">
<arg>${DATA}</arg>
<doc>Verifies that current page contains ``text``.</doc>
<msg timestamp="20230521 19:39:00.188" level="INFO">Current page contains text 'test1'.</msg>
<status status="PASS" starttime="20230521 19:39:00.166" endtime="20230521 19:39:00.188"/>
</kw>
<status status="PASS" starttime="20230521 19:39:00.165" endtime="20230521 19:39:00.188"/>
</kw>
<kw name="List items display" library="Items">
<arg>test2</arg>
<kw name="Page Should Contain" library="SeleniumLibrary">
<arg>${DATA}</arg>
<doc>Verifies that current page contains ``text``.</doc>
<msg timestamp="20230521 19:39:00.202" level="INFO">Current page contains text 'test2'.</msg>
<status status="PASS" starttime="20230521 19:39:00.189" endtime="20230521 19:39:00.202"/>
</kw>
<status status="PASS" starttime="20230521 19:39:00.188" endtime="20230521 19:39:00.202"/>
</kw>
<kw name="List items display" library="Items">
<arg>test3</arg>
<kw name="Page Should Contain" library="SeleniumLibrary">
<arg>${DATA}</arg>
<doc>Verifies that current page contains ``text``.</doc>
<msg timestamp="20230521 19:39:00.218" level="INFO">Current page contains text 'test3'.</msg>
<status status="PASS" starttime="20230521 19:39:00.202" endtime="20230521 19:39:00.218"/>
</kw>
<status status="PASS" starttime="20230521 19:39:00.202" endtime="20230521 19:39:00.218"/>
</kw>
<kw name="Finish TestCase" library="Common" type="TEARDOWN">
<kw name="Close Browser" library="SeleniumLibrary">
<doc>Closes the current browser.</doc>
<status status="PASS" starttime="20230521 19:39:00.218" endtime="20230521 19:39:02.493"/>
</kw>
<status status="PASS" starttime="20230521 19:39:00.218" endtime="20230521 19:39:02.493"/>
</kw>
<status status="PASS" starttime="20230521 19:38:54.886" endtime="20230521 19:39:02.493"/>
</test>
<test id="s1-t14" name="User add multiple item and page should display the correct count of the list" line="119">
<kw name="Strat TestCase" library="Common" type="SETUP">
<kw name="Open Browser" library="SeleniumLibrary">
<arg>about:blank</arg>
<arg>${BROWSER}</arg>
<doc>Opens a new browser instance to the optional ``url``.</doc>
<msg timestamp="20230521 19:39:02.493" level="INFO">Opening browser 'chrome' to base url 'about:blank'.</msg>
<status status="PASS" starttime="20230521 19:39:02.493" endtime="20230521 19:39:04.005"/>
</kw>
<kw name="Go To" library="SeleniumLibrary">
<arg>${URL}</arg>
<doc>Navigates the current browser window to the provided ``url``.</doc>
<msg timestamp="20230521 19:39:04.005" level="INFO">Opening url 'https://abhigyank.github.io/To-Do-List/'</msg>
<status status="PASS" starttime="20230521 19:39:04.005" endtime="20230521 19:39:06.257"/>
</kw>
<kw name="Maximize Browser Window" library="SeleniumLibrary">
<doc>Maximizes current browser window.</doc>
<status status="PASS" starttime="20230521 19:39:06.257" endtime="20230521 19:39:06.386"/>
</kw>
<status status="PASS" starttime="20230521 19:39:02.493" endtime="20230521 19:39:06.386"/>
</kw>
<kw name="Home page should be load element" library="HomePage">
[...]
<msg timestamp="20230521 19:40:07.888" level="INFO">Clicking element 'xpath: //li[@class='mdl-list']//button[@id='1']'.</msg>
<status status="PASS" starttime="20230521 19:40:07.888" endtime="20230521 19:40:07.941"/>
</kw>
<status status="PASS" starttime="20230521 19:40:07.888" endtime="20230521 19:40:07.941"/>
</kw>
<status status="PASS" starttime="20230521 19:40:07.871" endtime="20230521 19:40:07.941"/>
</kw>
<kw name="No items to display" library="Items">
<arg>working</arg>
<kw name="Page Should Not Contain" library="SeleniumLibrary">
<arg>${ITEM_LABEL}</arg>
<arg>${DATA}</arg>
<doc>Verifies the current page does not contain ``text``.</doc>
<msg timestamp="20230521 19:40:07.971" level="INFO">Current page does not contain text 'xpath: //label[@for='1']'.</msg>
<status status="PASS" starttime="20230521 19:40:07.941" endtime="20230521 19:40:07.971"/>
</kw>
<status status="PASS" starttime="20230521 19:40:07.941" endtime="20230521 19:40:07.971"/>
</kw>
<kw name="Finish TestCase" library="Common" type="TEARDOWN">
<kw name="Close Browser" library="SeleniumLibrary">
<doc>Closes the current browser.</doc>
<status status="PASS" starttime="20230521 19:40:07.971" endtime="20230521 19:40:10.377"/>
</kw>
<status status="PASS" starttime="20230521 19:40:07.971" endtime="20230521 19:40:10.377"/>
</kw>
<status status="PASS" starttime="20230521 19:40:03.356" endtime="20230521 19:40:10.377"/>
</test>
<test id="s1-t24" name="Verify user can delete all check list item and item should not be display" line="224">
<kw name="Strat TestCase" library="Common" type="SETUP">
<kw name="Open Browser" library="SeleniumLibrary">
<arg>about:blank</arg>
<arg>${BROWSER}</arg>
<doc>Opens a new browser instance to the optional ``url``.</doc>
<msg timestamp="20230521 19:40:10.377" level="INFO">Opening browser 'chrome' to base url 'about:blank'.</msg>
<status status="PASS" starttime="20230521 19:40:10.377" endtime="20230521 19:40:11.795"/>
</kw>
<kw name="Go To" library="SeleniumLibrary">
<arg>${URL}</arg>
<doc>Navigates the current browser window to the provided ``url``.</doc>
<msg timestamp="20230521 19:40:11.796" level="INFO">Opening url 'https://abhigyank.github.io/To-Do-List/'</msg>
<status status="PASS" starttime="20230521 19:40:11.795" endtime="20230521 19:40:14.030"/>
</kw>
<kw name="Maximize Browser Window" library="SeleniumLibrary">
<doc>Maximizes current browser window.</doc>
<status status="PASS" starttime="20230521 19:40:14.030" endtime="20230521 19:40:14.156"/>
</kw>
<status status="PASS" starttime="20230521 19:40:10.377" endtime="20230521 19:40:14.156"/>
</kw>
<kw name="Home page should be load element" library="HomePage">
<kw name="Wait Until Page Contains" library="SeleniumLibrary">
<arg>To Do List</arg>
<doc>Waits until ``text`` appears on the current page.</doc>
<status status="PASS" starttime="20230521 19:40:14.156" endtime="20230521 19:40:14.206"/>
</kw>
<kw name="Wait Until Page Contains Element" library="SeleniumLibrary">
<arg>${ADD_ITEM_TAB}</arg>
<doc>Waits until the element ``locator`` appears on the current page.</doc>
<status status="PASS" starttime="20230521 19:40:14.206" endtime="20230521 19:40:14.226"/>
</kw>
<kw name="Wait Until Page Contains Element" library="SeleniumLibrary">
<arg>${TO_DO_TASKS_TAB}</arg>
<doc>Waits until the element ``locator`` appears on the current page.</doc>
<status status="PASS" starttime="20230521 19:40:14.226" endtime="20230521 19:40:14.240"/>
</kw>
<kw name="Wait Until Page Contains Element" library="SeleniumLibrary">
<arg>${COMPLETED_TAB}</arg>
<doc>Waits until the element ``locator`` appears on the current page.</doc>
<status status="PASS" starttime="20230521 19:40:14.240" endtime="20230521 19:40:14.254"/>
</kw>
<kw name="Wait Until Page Contains Element" library="SeleniumLibrary">
<arg>${INPUT_TEXT_FIELD}</arg>
<doc>Waits until the element ``locator`` appears on the current page.</doc>
<status status="PASS" starttime="20230521 19:40:14.254" endtime="20230521 19:40:14.254"/>
</kw>
<kw name="Wait Until Page Contains Element" library="SeleniumLibrary">
<arg>${ADD_BUTTON}</arg>
<doc>Waits until the element ``locator`` appears on the current page.</doc>
<status status="PASS" starttime="20230521 19:40:14.254" endtime="20230521 19:40:14.279"/>
</kw>
<status status="PASS" starttime="20230521 19:40:14.156" endtime="20230521 19:40:14.279"/>
</kw>
<kw name="User fill data and click add button">
<arg>working1</arg>
<kw name="Fill data into textfield" library="AddItems">
<arg>${DATA}</arg>
<kw name="Input Text" library="SeleniumLibrary">
<arg>${INPUT_TEXT_FIELD}</arg>
<arg>${DATA}</arg>
<doc>Types the given ``text`` into the text field identified by ``locator``.</doc>
<msg timestamp="20230521 19:40:14.281" level="INFO">Typing text 'working1' into text field 'xpath: //input[@id='new-task']'.</msg>
<status status="PASS" starttime="20230521 19:40:14.280" endtime="20230521 19:40:14.413"/>
</kw>
<status status="PASS" starttime="20230521 19:40:14.280" endtime="20230521 19:40:14.413"/>
</kw>
<kw name="Click add button" library="AddItems">
<kw name="Click Element" library="SeleniumLibrary">
<arg>${ADD_BUTTON}</arg>
<doc>Click the element identified by ``locator``.</doc>
<msg timestamp="20230521 19:40:14.413" level="INFO">Clicking element 'xpath: //button[@class='mdl-button mdl-js-button mdl-button--fab mdl-button--mini-fab mdl-button--colored']'.</msg>
<status status="PASS" starttime="20230521 19:40:14.413" endtime="20230521 19:40:14.452"/>
</kw>
<status status="PASS" starttime="20230521 19:40:14.413" endtime="20230521 19:40:14.452"/>
</kw>
<status status="PASS" starttime="20230521 19:40:14.280" endtime="20230521 19:40:14.452"/>
</kw>
<kw name="User fill data and click add button">
<arg>working2</arg>
<kw name="Fill data into textfield" library="AddItems">
<arg>${DATA}</arg>
<kw name="Input Text" library="SeleniumLibrary">
<arg>${INPUT_TEXT_FIELD}</arg>
<arg>${DATA}</arg>
<doc>Types the given ``text`` into the text field identified by ``locator``.</doc>
<msg timestamp="20230521 19:40:14.468" level="INFO">Typing text 'working2' into text field 'xpath: //input[@id='new-task']'.</msg>
<status status="PASS" starttime="20230521 19:40:14.467" endtime="20230521 19:40:14.553"/>
</kw>
<status status="PASS" starttime="20230521 19:40:14.467" endtime="20230521 19:40:14.553"/>
</kw>
<kw name="Click add button" library="AddItems">
<kw name="Click Element" library="SeleniumLibrary">
<arg>${ADD_BUTTON}</arg>
<doc>Click the element identified by ``locator``.</doc>
<msg timestamp="20230521 19:40:14.553" level="INFO">Clicking element 'xpath: //button[@class='mdl-button mdl-js-button mdl-button--fab mdl-button--mini-fab mdl-button--colored']'.</msg>
<status status="PASS" starttime="20230521 19:40:14.553" endtime="20230521 19:40:14.592"/>
</kw>
<status status="PASS" starttime="20230521 19:40:14.553" endtime="20230521 19:40:14.592"/>
</kw>
<status status="PASS" starttime="20230521 19:40:14.467" endtime="20230521 19:40:14.592"/>
</kw>
<kw name="User fill data and click add button">
<arg>working3</arg>
<kw name="Fill data into textfield" library="AddItems">
<arg>${DATA}</arg>
<kw name="Input Text" library="SeleniumLibrary">
<arg>${INPUT_TEXT_FIELD}</arg>
<arg>${DATA}</arg>
<doc>Types the given ``text`` into the text field identified by ``locator``.</doc>
<msg timestamp="20230521 19:40:14.594" level="INFO">Typing text 'working3' into text field 'xpath: //input[@id='new-task']'.</msg>
<status status="PASS" starttime="20230521 19:40:14.593" endtime="20230521 19:40:14.676"/>
</kw>
<status status="PASS" starttime="20230521 19:40:14.593" endtime="20230521 19:40:14.676"/>
</kw>
<kw name="Click add button" library="AddItems">
<kw name="Click Element" library="SeleniumLibrary">
<arg>${ADD_BUTTON}</arg>
<doc>Click the element identified by ``locator``.</doc>
<msg timestamp="20230521 19:40:14.676" level="INFO">Clicking element 'xpath: //button[@class='mdl-button mdl-js-button mdl-button--fab mdl-button--mini-fab mdl-button--colored']'.</msg>
<status status="PASS" starttime="20230521 19:40:14.676" endtime="20230521 19:40:14.724"/>
</kw>
<status status="PASS" starttime="20230521 19:40:14.676" endtime="20230521 19:40:14.724"/>
</kw>
<status status="PASS" starttime="20230521 19:40:14.592" endtime="20230521 19:40:14.724"/>
</kw>
<kw name="Click tab to do tasks" library="ToDoTasks">
<kw name="Click Element" library="SeleniumLibrary">
<arg>${TO_DO_TASKS_TAB}</arg>
<doc>Click the element identified by ``locator``.</doc>
<msg timestamp="20230521 19:40:14.725" level="INFO">Clicking element 'xpath: //a[normalize-space()='To-Do Tasks']'.</msg>
<status status="PASS" starttime="20230521 19:40:14.725" endtime="20230521 19:40:14.779"/>
</kw>
<status status="PASS" starttime="20230521 19:40:14.725" endtime="20230521 19:40:14.779"/>
</kw>
<kw name="List items display" library="Items">
<arg>working1</arg>
<kw name="Page Should Contain" library="SeleniumLibrary">
<arg>${DATA}</arg>
<doc>Verifies that current page contains ``text``.</doc>
<msg timestamp="20230521 19:40:14.804" level="INFO">Current page contains text 'working1'.</msg>
<status status="PASS" starttime="20230521 19:40:14.780" endtime="20230521 19:40:14.804"/>
</kw>
<status status="PASS" starttime="20230521 19:40:14.780" endtime="20230521 19:40:14.804"/>
</kw>
<kw name="List items display" library="Items">
<arg>working2</arg>
<kw name="Page Should Contain" library="SeleniumLibrary">
<arg>${DATA}</arg>
<doc>Verifies that current page contains ``text``.</doc>
<msg timestamp="20230521 19:40:14.818" level="INFO">Current page contains text 'working2'.</msg>
<status status="PASS" starttime="20230521 19:40:14.805" endtime="20230521 19:40:14.818"/>
</kw>
<status status="PASS" starttime="20230521 19:40:14.805" endtime="20230521 19:40:14.818"/>
</kw>
<kw name="List items display" library="Items">
<arg>working3</arg>
<kw name="Page Should Contain" library="SeleniumLibrary">
<arg>${DATA}</arg>
<doc>Verifies that current page contains ``text``.</doc>
<msg timestamp="20230521 19:40:14.834" level="INFO">Current page contains text 'working3'.</msg>
<status status="PASS" starttime="20230521 19:40:14.818" endtime="20230521 19:40:14.834"/>
</kw>
<status status="PASS" starttime="20230521 19:40:14.818" endtime="20230521 19:40:14.834"/>
</kw>
<kw name="Click checklist button" library="ToDoTasks">
<kw name="Click Element" library="SeleniumLibrary">
<arg>${CHECK_LIST}</arg>
<doc>Click the element identified by ``locator``.</doc>
<msg timestamp="20230521 19:40:14.834" level="INFO">Clicking element 'xpath: //label[@for='1']//span[@class='mdl-checkbox__ripple-container mdl-js-ripple-effect mdl-ripple--center']'.</msg>
<status status="PASS" starttime="20230521 19:40:14.834" endtime="20230521 19:40:14.909"/>
</kw>
<status status="PASS" starttime="20230521 19:40:14.834" endtime="20230521 19:40:14.909"/>
</kw>
<kw name="No items to display" library="Items">
<arg>working1</arg>
<kw name="Page Should Not Contain" library="SeleniumLibrary">
<arg>${ITEM_LABEL}</arg>
<arg>${DATA}</arg>
<doc>Verifies the current page does not contain ``text``.</doc>
<msg timestamp="20230521 19:40:14.953" level="INFO">Current page does not contain text 'xpath: //label[@for='1']'.</msg>
<status status="PASS" starttime="20230521 19:40:14.910" endtime="20230521 19:40:14.953"/>
</kw>
<status status="PASS" starttime="20230521 19:40:14.910" endtime="20230521 19:40:14.953"/>
</kw>
<kw name="Click checklist button" library="ToDoTasks">
<kw name="Click Element" library="SeleniumLibrary">
<arg>${CHECK_LIST}</arg>
<doc>Click the element identified by ``locator``.</doc>
<msg timestamp="20230521 19:40:14.953" level="INFO">Clicking element 'xpath: //label[@for='1']//span[@class='mdl-checkbox__ripple-container mdl-js-ripple-effect mdl-ripple--center']'.</msg>
<status status="PASS" starttime="20230521 19:40:14.953" endtime="20230521 19:40:14.985"/>
</kw>
<status status="PASS" starttime="20230521 19:40:14.953" endtime="20230521 19:40:14.985"/>
</kw>
<kw name="No items to display" library="Items">
<arg>working2</arg>
<kw name="Page Should Not Contain" library="SeleniumLibrary">
<arg>${ITEM_LABEL}</arg>
<arg>${DATA}</arg>
<doc>Verifies the current page does not contain ``text``.</doc>
<msg timestamp="20230521 19:40:15.021" level="INFO">Current page does not contain text 'xpath: //label[@for='1']'.</msg>
<status status="PASS" starttime="20230521 19:40:14.985" endtime="20230521 19:40:15.021"/>
</kw>
<status status="PASS" starttime="20230521 19:40:14.985" endtime="20230521 19:40:15.021"/>
</kw>
<kw name="Click checklist button" library="ToDoTasks">
<kw name="Click Element" library="SeleniumLibrary">
<arg>${CHECK_LIST}</arg>
<doc>Click the element identified by ``locator``.</doc>
<msg timestamp="20230521 19:40:15.021" level="INFO">Clicking element 'xpath: //label[@for='1']//span[@class='mdl-checkbox__ripple-container mdl-js-ripple-effect mdl-ripple--center']'.</msg>
<status status="PASS" starttime="20230521 19:40:15.021" endtime="20230521 19:40:15.053"/>
</kw>
<status status="PASS" starttime="20230521 19:40:15.021" endtime="20230521 19:40:15.053"/>
</kw>
<kw name="No items to display" library="Items">
<arg>working3</arg>
<kw name="Page Should Not Contain" library="SeleniumLibrary">
<arg>${ITEM_LABEL}</arg>
<arg>${DATA}</arg>
<doc>Verifies the current page does not contain ``text``.</doc>
<msg timestamp="20230521 19:40:15.071" level="INFO">Current page does not contain text 'xpath: //label[@for='1']'.</msg>
<status status="PASS" starttime="20230521 19:40:15.053" endtime="20230521 19:40:15.071"/>
</kw>
<status status="PASS" starttime="20230521 19:40:15.053" endtime="20230521 19:40:15.071"/>
</kw>
<kw name="Click tab completed" library="Completed">
<kw name="Click Element" library="SeleniumLibrary">
<arg>${COMPLETED_TAB}</arg>
<doc>Click the element identified by ``locator``.</doc>
<msg timestamp="20230521 19:40:15.071" level="INFO">Clicking element 'xpath: //a[normalize-space()='Completed']'.</msg>
<status status="PASS" starttime="20230521 19:40:15.071" endtime="20230521 19:40:15.131"/>
</kw>
<status status="PASS" starttime="20230521 19:40:15.071" endtime="20230521 19:40:15.132"/>
</kw>
<kw name="Click delete button" library="Completed">
<kw name="Delete button display" library="Completed">
<kw name="Page Should Contain" library="SeleniumLibrary">
<arg>Delete</arg>
<doc>Verifies that current page contains ``text``.</doc>
<msg timestamp="20230521 19:40:15.156" level="INFO">Current page contains text 'Delete'.</msg>
<status status="PASS" starttime="20230521 19:40:15.133" endtime="20230521 19:40:15.156"/>
</kw>
<status status="PASS" starttime="20230521 19:40:15.132" endtime="20230521 19:40:15.156"/>
</kw>
<kw name="Click delete button on completed page" library="Completed">
<kw name="Click Element" library="SeleniumLibrary">
<arg>${DELETE_BUTTON_COMPLETED}</arg>
<doc>Click the element identified by ``locator``.</doc>
<msg timestamp="20230521 19:40:15.156" level="INFO">Clicking element 'xpath: //li[@class='mdl-list']//button[@id='1']'.</msg>
<status status="PASS" starttime="20230521 19:40:15.156" endtime="20230521 19:40:15.207"/>
</kw>
<status status="PASS" starttime="20230521 19:40:15.156" endtime="20230521 19:40:15.207"/>
</kw>
<status status="PASS" starttime="20230521 19:40:15.132" endtime="20230521 19:40:15.207"/>
</kw>
<kw name="No items to display" library="Items">
<arg>working1</arg>
<kw name="Page Should Not Contain" library="SeleniumLibrary">
<arg>${ITEM_LABEL}</arg>
<arg>${DATA}</arg>
<doc>Verifies the current page does not contain ``text``.</doc>
<msg timestamp="20230521 19:40:15.223" level="INFO">Current page does not contain text 'xpath: //label[@for='1']'.</msg>
<status status="PASS" starttime="20230521 19:40:15.207" endtime="20230521 19:40:15.223"/>
</kw>
<status status="PASS" starttime="20230521 19:40:15.207" endtime="20230521 19:40:15.223"/>
</kw>
<kw name="Click delete button" library="Completed">
<kw name="Delete button display" library="Completed">
<kw name="Page Should Contain" library="SeleniumLibrary">
<arg>Delete</arg>
<doc>Verifies that current page contains ``text``.</doc>
<msg timestamp="20230521 19:40:15.237" level="INFO">Current page contains text 'Delete'.</msg>
<status status="PASS" starttime="20230521 19:40:15.223" endtime="20230521 19:40:15.237"/>
</kw>
<status status="PASS" starttime="20230521 19:40:15.223" endtime="20230521 19:40:15.237"/>
</kw>
<kw name="Click delete button on completed page" library="Completed">
<kw name="Click Element" library="SeleniumLibrary">
<arg>${DELETE_BUTTON_COMPLETED}</arg>
<doc>Click the element identified by ``locator``.</doc>
<msg timestamp="20230521 19:40:15.237" level="INFO">Clicking element 'xpath: //li[@class='mdl-list']//button[@id='1']'.</msg>
<status status="PASS" starttime="20230521 19:40:15.237" endtime="20230521 19:40:15.271"/>
</kw>
<status status="PASS" starttime="20230521 19:40:15.237" endtime="20230521 19:40:15.271"/>
</kw>
<status status="PASS" starttime="20230521 19:40:15.223" endtime="20230521 19:40:15.285"/>
</kw>
<kw name="No items to display" library="Items">
<arg>working2</arg>
<kw name="Page Should Not Contain" library="SeleniumLibrary">
<arg>${ITEM_LABEL}</arg>
<arg>${DATA}</arg>
<doc>Verifies the current page does not contain ``text``.</doc>
<msg timestamp="20230521 19:40:15.304" level="INFO">Current page does not contain text 'xpath: //label[@for='1']'.</msg>
<status status="PASS" starttime="20230521 19:40:15.286" endtime="20230521 19:40:15.304"/>
</kw>
<status status="PASS" starttime="20230521 19:40:15.286" endtime="20230521 19:40:15.304"/>
</kw>
<kw name="Click delete button" library="Completed">
<kw name="Delete button display" library="Completed">
<kw name="Page Should Contain" library="SeleniumLibrary">
<arg>Delete</arg>
<doc>Verifies that current page contains ``text``.</doc>
<msg timestamp="20230521 19:40:15.321" level="INFO">Current page contains text 'Delete'.</msg>
<status status="PASS" starttime="20230521 19:40:15.304" endtime="20230521 19:40:15.321"/>
</kw>
<status status="PASS" starttime="20230521 19:40:15.304" endtime="20230521 19:40:15.321"/>
</kw>
<kw name="Click delete button on completed page" library="Completed">
<kw name="Click Element" library="SeleniumLibrary">
<arg>${DELETE_BUTTON_COMPLETED}</arg>
<doc>Click the element identified by ``locator``.</doc>
<msg timestamp="20230521 19:40:15.321" level="INFO">Clicking element 'xpath: //li[@class='mdl-list']//button[@id='1']'.</msg>
<status status="PASS" starttime="20230521 19:40:15.321" endtime="20230521 19:40:15.354"/>
</kw>
<status status="PASS" starttime="20230521 19:40:15.321" endtime="20230521 19:40:15.354"/>
</kw>
<status status="PASS" starttime="20230521 19:40:15.304" endtime="20230521 19:40:15.354"/>
</kw>
<kw name="No items to display" library="Items">
<arg>working3</arg>
<kw name="Page Should Not Contain" library="SeleniumLibrary">
<arg>${ITEM_LABEL}</arg>
<arg>${DATA}</arg>
<doc>Verifies the current page does not contain ``text``.</doc>
<msg timestamp="20230521 19:40:15.370" level="INFO">Current page does not contain text 'xpath: //label[@for='1']'.</msg>
<status status="PASS" starttime="20230521 19:40:15.354" endtime="20230521 19:40:15.370"/>
</kw>
<status status="PASS" starttime="20230521 19:40:15.354" endtime="20230521 19:40:15.370"/>
</kw>
<kw name="Finish TestCase" library="Common" type="TEARDOWN">
<kw name="Close Browser" library="SeleniumLibrary">
<doc>Closes the current browser.</doc>
<status status="PASS" starttime="20230521 19:40:15.370" endtime="20230521 19:40:17.606"/>
</kw>
<status status="PASS" starttime="20230521 19:40:15.370" endtime="20230521 19:40:17.606"/>
</kw>
<status status="PASS" starttime="20230521 19:40:10.377" endtime="20230521 19:40:17.606"/>
</test>
<status status="PASS" starttime="20230521 19:37:21.354" endtime="20230521 19:40:17.606"/>
</suite>
<statistics>
<total>
<stat pass="24" fail="0" skip="0">All Tests</stat>
</total>
<tag>
</tag>
<suite>
<stat pass="24" fail="0" skip="0" id="s1" name="ToDoLists">ToDoLists</stat>
</suite>
</statistics>
<errors>
</errors>
</robot>
